#
# There is insufficient memory for the Java Runtime Environment to continue.
# Native memory allocation (malloc) failed to allocate 673392 bytes. Error detail: Chunk::new
# Possible reasons:
#   The system is out of physical RAM or swap space
#   This process is running with CompressedOops enabled, and the Java Heap may be blocking the growth of the native heap
# Possible solutions:
#   Reduce memory load on the system
#   Increase physical memory or swap space
#   Check if swap backing store is full
#   Decrease Java heap size (-Xmx/-Xms)
#   Decrease number of Java threads
#   Decrease Java thread stack sizes (-Xss)
#   Set larger code cache with -XX:ReservedCodeCacheSize=
#   JVM is running with Unscaled Compressed Oops mode in which the Java heap is
#     placed in the first 4GB address space. The Java Heap base address is the
#     maximum limit for the native heap growth. Please use -XX:HeapBaseMinAddress
#     to set the Java Heap base and to place the Java Heap above 4GB virtual address.
# This output file may be truncated or incomplete.
#
#  Out of Memory Error (arena.cpp:191), pid=26736, tid=20636
#
# JRE version: OpenJDK Runtime Environment Temurin-17.0.11+9 (17.0.11+9) (build 17.0.11+9)
# Java VM: OpenJDK 64-Bit Server VM Temurin-17.0.11+9 (17.0.11+9, mixed mode, tiered, compressed oops, compressed class ptrs, parallel gc, windows-amd64)
# No core dump will be written. Minidumps are not enabled by default on client versions of Windows
#

---------------  S U M M A R Y ------------

Command Line: --add-modules=ALL-SYSTEM --add-opens=java.base/java.util=ALL-UNNAMED --add-opens=java.base/java.lang=ALL-UNNAMED --add-opens=java.base/sun.nio.fs=ALL-UNNAMED -Declipse.application=org.eclipse.jdt.ls.core.id1 -Dosgi.bundles.defaultStartLevel=4 -Declipse.product=org.eclipse.jdt.ls.core.product -Djava.import.generatesMetadataFilesAtProjectRoot=false -DDetectVMInstallationsJob.disabled=true -Dfile.encoding=utf8 -XX:+UseParallelGC -XX:GCTimeRatio=4 -XX:AdaptiveSizePolicyWeight=90 -Dsun.zip.disableMemoryMapping=true -Xmx1G -Xms100m -Xlog:disable -javaagent:c:\Users\EMMANUEL DEBEING\.vscode\extensions\redhat.java-1.33.0-win32-x64\lombok\lombok-1.18.33.jar c:\Users\EMMANUEL DEBEING\.vscode\extensions\redhat.java-1.33.0-win32-x64\server\plugins\org.eclipse.equinox.launcher_1.6.900.v20240613-2009.jar -configuration c:\Users\EMMANUEL DEBEING\AppData\Roaming\Code\User\globalStorage\redhat.java\1.33.0\config_ss_win -data c:\Users\EMMANUEL DEBEING\AppData\Roaming\Code\User\workspaceStorage\ce9bf10705b48ae7e9daec10de22d4fa\redhat.java\ss_ws --pipe=\\.\pipe\lsp-d48cc9e70d59f32906edf5651697b1e8-sock

Host: AMD Ryzen 5 3500U with Radeon Vega Mobile Gfx  , 8 cores, 6G,  Windows 11 , 64 bit Build 22621 (10.0.22621.3958)
Time: Mon Aug  5 14:29:16 2024 Temps universel coordonné elapsed time: 4.067488 seconds (0d 0h 0m 4s)

---------------  T H R E A D  ---------------

Current thread (0x000001b7d329c650):  JavaThread "C2 CompilerThread0" daemon [_thread_in_native, id=20636, stack(0x000000868cf00000,0x000000868d000000)]


Current CompileTask:
C2:   4067 1437       4       java.io.WinNTFileSystem::normalize (143 bytes)

Stack: [0x000000868cf00000,0x000000868d000000]
Native frames: (J=compiled Java code, j=interpreted, Vv=VM code, C=native code)
V  [jvm.dll+0x67d429]
V  [jvm.dll+0x834b7a]
V  [jvm.dll+0x83663e]
V  [jvm.dll+0x836ca3]
V  [jvm.dll+0x247dbf]
V  [jvm.dll+0xac534]
V  [jvm.dll+0xacb7c]
V  [jvm.dll+0x366647]
V  [jvm.dll+0x330bba]
V  [jvm.dll+0x33005a]
V  [jvm.dll+0x21a471]
V  [jvm.dll+0x2198b1]
V  [jvm.dll+0x1a534d]
V  [jvm.dll+0x2295cd]
V  [jvm.dll+0x22779c]
V  [jvm.dll+0x7e9d07]
V  [jvm.dll+0x7e410a]
V  [jvm.dll+0x67c315]
C  [ucrtbase.dll+0x29333]
C  [KERNEL32.DLL+0x1257d]
C  [ntdll.dll+0x5af28]


---------------  P R O C E S S  ---------------

Threads class SMR info:
_java_thread_list=0x000001b7d8716bd0, length=13, elements={
0x000001b7bd4c0450, 0x000001b7d3292020, 0x000001b7d3295190, 0x000001b7d3299fe0,
0x000001b7d329a8b0, 0x000001b7d329b180, 0x000001b7d329ba50, 0x000001b7d329c650,
0x000001b7d83f0e90, 0x000001b7d8413380, 0x000001b7d84a30a0, 0x000001b7d86d5100,
0x000001b7d9c6a4b0
}

Java Threads: ( => current thread )
  0x000001b7bd4c0450 JavaThread "main" [_thread_in_native, id=22864, stack(0x000000868c600000,0x000000868c700000)]
  0x000001b7d3292020 JavaThread "Reference Handler" daemon [_thread_blocked, id=7316, stack(0x000000868c900000,0x000000868ca00000)]
  0x000001b7d3295190 JavaThread "Finalizer" daemon [_thread_blocked, id=10408, stack(0x000000868ca00000,0x000000868cb00000)]
  0x000001b7d3299fe0 JavaThread "Signal Dispatcher" daemon [_thread_blocked, id=22836, stack(0x000000868cb00000,0x000000868cc00000)]
  0x000001b7d329a8b0 JavaThread "Attach Listener" daemon [_thread_blocked, id=26164, stack(0x000000868cc00000,0x000000868cd00000)]
  0x000001b7d329b180 JavaThread "Service Thread" daemon [_thread_blocked, id=25612, stack(0x000000868cd00000,0x000000868ce00000)]
  0x000001b7d329ba50 JavaThread "Monitor Deflation Thread" daemon [_thread_blocked, id=13196, stack(0x000000868ce00000,0x000000868cf00000)]
=>0x000001b7d329c650 JavaThread "C2 CompilerThread0" daemon [_thread_in_native, id=20636, stack(0x000000868cf00000,0x000000868d000000)]
  0x000001b7d83f0e90 JavaThread "C1 CompilerThread0" daemon [_thread_blocked, id=2128, stack(0x000000868d000000,0x000000868d100000)]
  0x000001b7d8413380 JavaThread "Sweeper thread" daemon [_thread_blocked, id=23264, stack(0x000000868d100000,0x000000868d200000)]
  0x000001b7d84a30a0 JavaThread "Common-Cleaner" daemon [_thread_blocked, id=24832, stack(0x000000868d200000,0x000000868d300000)]
  0x000001b7d86d5100 JavaThread "Notification Thread" daemon [_thread_blocked, id=27124, stack(0x000000868d300000,0x000000868d400000)]
  0x000001b7d9c6a4b0 JavaThread "Active Thread: Equinox Container: 46e626ae-8d65-425b-a4ac-7d916fd8dccf" [_thread_blocked, id=12872, stack(0x000000868db00000,0x000000868dc00000)]

Other Threads:
  0x000001b7bd56e8d0 VMThread "VM Thread" [stack: 0x000000868c800000,0x000000868c900000] [id=3240]
  0x000001b7d87214f0 WatcherThread [stack: 0x000000868d400000,0x000000868d500000] [id=22804]
  0x000001b7bd4d5aa0 GCTaskThread "GC Thread#0" [stack: 0x000000868c700000,0x000000868c800000] [id=8196]
  0x000001b7d9a13060 GCTaskThread "GC Thread#1" [stack: 0x000000868d500000,0x000000868d600000] [id=16184]
  0x000001b7d9a13940 GCTaskThread "GC Thread#2" [stack: 0x000000868d600000,0x000000868d700000] [id=8332]
  0x000001b7d9a13c00 GCTaskThread "GC Thread#3" [stack: 0x000000868d700000,0x000000868d800000] [id=23196]
  0x000001b7d9d17140 GCTaskThread "GC Thread#4" [stack: 0x000000868d800000,0x000000868d900000] [id=22244]
  0x000001b7d9d17400 GCTaskThread "GC Thread#5" [stack: 0x000000868d900000,0x000000868da00000] [id=15948]
  0x000001b7d9d176c0 GCTaskThread "GC Thread#6" [stack: 0x000000868da00000,0x000000868db00000] [id=5580]

Threads with active compile tasks:
C2 CompilerThread0     4103 1437       4       java.io.WinNTFileSystem::normalize (143 bytes)

VM state: not at safepoint (normal execution)

VM Mutex/Monitor currently owned by a thread: None

Heap address: 0x00000000c0000000, size: 1024 MB, Compressed Oops mode: 32-bit

CDS archive(s) not mapped
Compressed class space mapped at: 0x0000000100000000-0x0000000140000000, reserved size: 1073741824
Narrow klass base: 0x0000000000000000, Narrow klass shift: 3, Narrow klass range: 0x140000000

GC Precious Log:
 CPUs: 8 total, 8 available
 Memory: 7103M
 Large Page Support: Disabled
 NUMA Support: Disabled
 Compressed Oops: Enabled (32-bit)
 Alignments: Space 512K, Generation 512K, Heap 2M
 Heap Min Capacity: 100M
 Heap Initial Capacity: 100M
 Heap Max Capacity: 1G
 Pre-touch: Disabled
 Parallel Workers: 8

Heap:
 PSYoungGen      total 29696K, used 23166K [0x00000000eab00000, 0x00000000ecc00000, 0x0000000100000000)
  eden space 25600K, 78% used [0x00000000eab00000,0x00000000ebe8a620,0x00000000ec400000)
  from space 4096K, 77% used [0x00000000ec400000,0x00000000ec7152f0,0x00000000ec800000)
  to   space 4096K, 0% used [0x00000000ec800000,0x00000000ec800000,0x00000000ecc00000)
 ParOldGen       total 68608K, used 16K [0x00000000c0000000, 0x00000000c4300000, 0x00000000eab00000)
  object space 68608K, 0% used [0x00000000c0000000,0x00000000c0004000,0x00000000c4300000)
 Metaspace       used 13762K, committed 13952K, reserved 1114112K
  class space    used 1363K, committed 1472K, reserved 1048576K

Card table byte_map: [0x000001b7d0b30000,0x000001b7d0d40000] _byte_map_base: 0x000001b7d0530000

Marking Bits: (ParMarkBitMap*) 0x00007ffcf741d820
 Begin Bits: [0x000001b7d0ea0000, 0x000001b7d1ea0000)
 End Bits:   [0x000001b7d1ea0000, 0x000001b7d2ea0000)

Polling page: 0x000001b7bd570000

Metaspace:

Usage:
  Non-class:     12.11 MB used.
      Class:      1.33 MB used.
       Both:     13.44 MB used.

Virtual space:
  Non-class space:       64.00 MB reserved,      12.19 MB ( 19%) committed,  1 nodes.
      Class space:        1.00 GB reserved,       1.44 MB ( <1%) committed,  1 nodes.
             Both:        1.06 GB reserved,      13.62 MB (  1%) committed. 

Chunk freelists:
   Non-Class:  3.31 MB
       Class:  14.48 MB
        Both:  17.79 MB

MaxMetaspaceSize: unlimited
CompressedClassSpaceSize: 1.00 GB
Initial GC threshold: 21.00 MB
Current GC threshold: 21.00 MB
CDS: off
MetaspaceReclaimPolicy: balanced
 - commit_granule_bytes: 65536.
 - commit_granule_words: 8192.
 - virtual_space_node_default_size: 8388608.
 - enlarge_chunks_in_place: 1.
 - new_chunks_are_fully_committed: 0.
 - uncommit_free_chunks: 1.
 - use_allocation_guard: 0.
 - handle_deallocations: 1.


Internal statistics:

num_allocs_failed_limit: 0.
num_arena_births: 56.
num_arena_deaths: 0.
num_vsnodes_births: 2.
num_vsnodes_deaths: 0.
num_space_committed: 218.
num_space_uncommitted: 0.
num_chunks_returned_to_freelist: 0.
num_chunks_taken_from_freelist: 221.
num_chunk_merges: 0.
num_chunk_splits: 147.
num_chunks_enlarged: 121.
num_inconsistent_stats: 0.

CodeHeap 'non-profiled nmethods': size=120000Kb used=552Kb max_used=552Kb free=119447Kb
 bounds [0x000001b7c9420000, 0x000001b7c9690000, 0x000001b7d0950000]
CodeHeap 'profiled nmethods': size=120000Kb used=2660Kb max_used=2660Kb free=117339Kb
 bounds [0x000001b7c1950000, 0x000001b7c1bf0000, 0x000001b7c8e80000]
CodeHeap 'non-nmethods': size=5760Kb used=1161Kb max_used=1177Kb free=4598Kb
 bounds [0x000001b7c8e80000, 0x000001b7c90f0000, 0x000001b7c9420000]
 total_blobs=1886 nmethods=1436 adapters=364
 compilation: enabled
              stopped_count=0, restarted_count=0
 full_count=0

Compilation events (20 events):
Event: 3.846 Thread 0x000001b7d83f0e90 nmethod 1428 0x000001b7c1be1090 code [0x000001b7c1be1260, 0x000001b7c1be1598]
Event: 3.847 Thread 0x000001b7d83f0e90 1429       3       java.net.URL::isValidProtocol (78 bytes)
Event: 3.848 Thread 0x000001b7d329c650 1430       4       java.lang.StringLatin1::inflate (34 bytes)
Event: 3.850 Thread 0x000001b7d83f0e90 nmethod 1429 0x000001b7c1be1710 code [0x000001b7c1be1a20, 0x000001b7c1be2c78]
Event: 3.850 Thread 0x000001b7d83f0e90 1431       1       sun.nio.fs.NativeBuffer::address (5 bytes)
Event: 3.850 Thread 0x000001b7d83f0e90 nmethod 1431 0x000001b7c94a9890 code [0x000001b7c94a9a20, 0x000001b7c94a9af8]
Event: 3.855 Thread 0x000001b7d329c650 nmethod 1430 0x000001b7c94a9b90 code [0x000001b7c94a9d00, 0x000001b7c94a9fb8]
Event: 3.873 Thread 0x000001b7d83f0e90 1432       3       java.lang.StringBuilder::append (10 bytes)
Event: 3.874 Thread 0x000001b7d83f0e90 nmethod 1432 0x000001b7c1be3310 code [0x000001b7c1be34a0, 0x000001b7c1be35e8]
Event: 3.897 Thread 0x000001b7d83f0e90 1433       3       java.lang.String::getChars (54 bytes)
Event: 3.898 Thread 0x000001b7d83f0e90 nmethod 1433 0x000001b7c1be3690 code [0x000001b7c1be3880, 0x000001b7c1be3cf8]
Event: 3.898 Thread 0x000001b7d83f0e90 1435       3       sun.nio.fs.WindowsPathParser::nextNonSlash (24 bytes)
Event: 3.899 Thread 0x000001b7d83f0e90 nmethod 1435 0x000001b7c1be3f10 code [0x000001b7c1be4120, 0x000001b7c1be4878]
Event: 3.899 Thread 0x000001b7d83f0e90 1434       3       java.lang.StringLatin1::getChars (12 bytes)
Event: 3.899 Thread 0x000001b7d83f0e90 nmethod 1434 0x000001b7c1be4b90 code [0x000001b7c1be4d20, 0x000001b7c1be4e48]
Event: 3.946 Thread 0x000001b7d83f0e90 1436       3       java.io.WinNTFileSystem::normalizePrefix (132 bytes)
Event: 3.950 Thread 0x000001b7d83f0e90 nmethod 1436 0x000001b7c1be4f10 code [0x000001b7c1be5340, 0x000001b7c1be73c8]
Event: 3.997 Thread 0x000001b7d329c650 1437       4       java.io.WinNTFileSystem::normalize (143 bytes)
Event: 4.051 Thread 0x000001b7d83f0e90 1441       3       org.eclipse.osgi.framework.util.SecureAction::getProperty (31 bytes)
Event: 4.052 Thread 0x000001b7d83f0e90 nmethod 1441 0x000001b7c1be8010 code [0x000001b7c1be82a0, 0x000001b7c1be8d18]

GC Heap History (2 events):
Event: 2.389 GC heap before
{Heap before GC invocations=1 (full 0):
 PSYoungGen      total 29696K, used 25600K [0x00000000eab00000, 0x00000000ecc00000, 0x0000000100000000)
  eden space 25600K, 100% used [0x00000000eab00000,0x00000000ec400000,0x00000000ec400000)
  from space 4096K, 0% used [0x00000000ec800000,0x00000000ec800000,0x00000000ecc00000)
  to   space 4096K, 0% used [0x00000000ec400000,0x00000000ec400000,0x00000000ec800000)
 ParOldGen       total 68608K, used 0K [0x00000000c0000000, 0x00000000c4300000, 0x00000000eab00000)
  object space 68608K, 0% used [0x00000000c0000000,0x00000000c0000000,0x00000000c4300000)
 Metaspace       used 10953K, committed 11136K, reserved 1114112K
  class space    used 1085K, committed 1152K, reserved 1048576K
}
Event: 2.402 GC heap after
{Heap after GC invocations=1 (full 0):
 PSYoungGen      total 29696K, used 3156K [0x00000000eab00000, 0x00000000ecc00000, 0x0000000100000000)
  eden space 25600K, 0% used [0x00000000eab00000,0x00000000eab00000,0x00000000ec400000)
  from space 4096K, 77% used [0x00000000ec400000,0x00000000ec7152f0,0x00000000ec800000)
  to   space 4096K, 0% used [0x00000000ec800000,0x00000000ec800000,0x00000000ecc00000)
 ParOldGen       total 68608K, used 16K [0x00000000c0000000, 0x00000000c4300000, 0x00000000eab00000)
  object space 68608K, 0% used [0x00000000c0000000,0x00000000c0004000,0x00000000c4300000)
 Metaspace       used 10953K, committed 11136K, reserved 1114112K
  class space    used 1085K, committed 1152K, reserved 1048576K
}

Dll operation events (8 events):
Event: 0.059 Loaded shared library c:\Users\EMMANUEL DEBEING\.vscode\extensions\redhat.java-1.33.0-win32-x64\jre\17.0.11-win32-x86_64\bin\java.dll
Event: 0.433 Loaded shared library c:\Users\EMMANUEL DEBEING\.vscode\extensions\redhat.java-1.33.0-win32-x64\jre\17.0.11-win32-x86_64\bin\zip.dll
Event: 0.439 Loaded shared library C:\Users\EMMANUEL DEBEING\.vscode\extensions\redhat.java-1.33.0-win32-x64\jre\17.0.11-win32-x86_64\bin\instrument.dll
Event: 0.489 Loaded shared library C:\Users\EMMANUEL DEBEING\.vscode\extensions\redhat.java-1.33.0-win32-x64\jre\17.0.11-win32-x86_64\bin\net.dll
Event: 0.492 Loaded shared library C:\Users\EMMANUEL DEBEING\.vscode\extensions\redhat.java-1.33.0-win32-x64\jre\17.0.11-win32-x86_64\bin\nio.dll
Event: 0.509 Loaded shared library C:\Users\EMMANUEL DEBEING\.vscode\extensions\redhat.java-1.33.0-win32-x64\jre\17.0.11-win32-x86_64\bin\zip.dll
Event: 0.544 Loaded shared library C:\Users\EMMANUEL DEBEING\.vscode\extensions\redhat.java-1.33.0-win32-x64\jre\17.0.11-win32-x86_64\bin\jimage.dll
Event: 0.799 Loaded shared library c:\Users\EMMANUEL DEBEING\.vscode\extensions\redhat.java-1.33.0-win32-x64\jre\17.0.11-win32-x86_64\bin\verify.dll

Deoptimization events (20 events):
Event: 3.131 Thread 0x000001b7bd4c0450 Uncommon trap: trap_request=0xffffffde fr.pc=0x000001b7c9483fd8 relative=0x0000000000000998
Event: 3.131 Thread 0x000001b7bd4c0450 Uncommon trap: reason=class_check action=maybe_recompile pc=0x000001b7c9483fd8 method=java.util.HashMap.putVal(ILjava/lang/Object;Ljava/lang/Object;ZZ)Ljava/lang/Object; @ 253 c2
Event: 3.131 Thread 0x000001b7bd4c0450 DEOPT PACKING pc=0x000001b7c9483fd8 sp=0x000000868c6fda50
Event: 3.131 Thread 0x000001b7bd4c0450 DEOPT UNPACKING pc=0x000001b7c8ed66a3 sp=0x000000868c6fd978 mode 2
Event: 3.133 Thread 0x000001b7bd4c0450 Uncommon trap: trap_request=0xffffffde fr.pc=0x000001b7c9485458 relative=0x0000000000000918
Event: 3.133 Thread 0x000001b7bd4c0450 Uncommon trap: reason=class_check action=maybe_recompile pc=0x000001b7c9485458 method=java.util.HashMap.putVal(ILjava/lang/Object;Ljava/lang/Object;ZZ)Ljava/lang/Object; @ 253 c2
Event: 3.133 Thread 0x000001b7bd4c0450 DEOPT PACKING pc=0x000001b7c9485458 sp=0x000000868c6fd8c0
Event: 3.133 Thread 0x000001b7bd4c0450 DEOPT UNPACKING pc=0x000001b7c8ed66a3 sp=0x000000868c6fd870 mode 2
Event: 3.309 Thread 0x000001b7bd4c0450 DEOPT PACKING pc=0x000001b7c1a6b838 sp=0x000000868c6fc000
Event: 3.309 Thread 0x000001b7bd4c0450 DEOPT UNPACKING pc=0x000001b7c8ed6e43 sp=0x000000868c6fb480 mode 0
Event: 3.313 Thread 0x000001b7bd4c0450 DEOPT PACKING pc=0x000001b7c1a70461 sp=0x000000868c6fc440
Event: 3.313 Thread 0x000001b7bd4c0450 DEOPT UNPACKING pc=0x000001b7c8ed6e43 sp=0x000000868c6fb8c8 mode 0
Event: 3.314 Thread 0x000001b7bd4c0450 DEOPT PACKING pc=0x000001b7c1a6b838 sp=0x000000868c6fbf60
Event: 3.314 Thread 0x000001b7bd4c0450 DEOPT UNPACKING pc=0x000001b7c8ed6e43 sp=0x000000868c6fb3e0 mode 0
Event: 3.314 Thread 0x000001b7bd4c0450 Uncommon trap: trap_request=0xffffff45 fr.pc=0x000001b7c94624a0 relative=0x0000000000000100
Event: 3.314 Thread 0x000001b7bd4c0450 Uncommon trap: reason=unstable_if action=reinterpret pc=0x000001b7c94624a0 method=java.math.BigInteger.addOne([IIII)I @ 55 c2
Event: 3.314 Thread 0x000001b7bd4c0450 DEOPT PACKING pc=0x000001b7c94624a0 sp=0x000000868c6fc290
Event: 3.314 Thread 0x000001b7bd4c0450 DEOPT UNPACKING pc=0x000001b7c8ed66a3 sp=0x000000868c6fc210 mode 2
Event: 3.315 Thread 0x000001b7bd4c0450 DEOPT PACKING pc=0x000001b7c1a6b838 sp=0x000000868c6fc250
Event: 3.315 Thread 0x000001b7bd4c0450 DEOPT UNPACKING pc=0x000001b7c8ed6e43 sp=0x000000868c6fb6d0 mode 0

Classes unloaded (0 events):
No events

Classes redefined (0 events):
No events

Internal exceptions (20 events):
Event: 0.392 Thread 0x000001b7bd4c0450 Exception <a 'java/lang/NoSuchMethodError'{0x00000000eacb4f68}: 'void java.lang.invoke.DirectMethodHandle$Holder.invokeStatic(java.lang.Object, java.lang.Object, java.lang.Object)'> (0x00000000eacb4f68) 
thrown [s\src\hotspot\share\interpreter\linkResolver.cpp, line 759]
Event: 0.869 Thread 0x000001b7bd4c0450 Exception <a 'java/lang/reflect/InvocationTargetException'{0x00000000eaff8f78}> (0x00000000eaff8f78) 
thrown [s\src\hotspot\share\runtime\reflection.cpp, line 1121]
Event: 1.526 Thread 0x000001b7bd4c0450 Exception <a 'java/lang/ClassNotFoundException'{0x00000000eb8a0038}: sun/net/www/protocol/c/Handler> (0x00000000eb8a0038) 
thrown [s\src\hotspot\share\classfile\systemDictionary.cpp, line 256]
Event: 1.555 Thread 0x000001b7bd4c0450 Exception <a 'java/io/FileNotFoundException'{0x00000000eb8b7ee0}> (0x00000000eb8b7ee0) 
thrown [s\src\hotspot\share\prims\jni.cpp, line 516]
Event: 1.555 Thread 0x000001b7bd4c0450 Exception <a 'java/io/FileNotFoundException'{0x00000000eb8b90b8}> (0x00000000eb8b90b8) 
thrown [s\src\hotspot\share\prims\jni.cpp, line 516]
Event: 1.556 Thread 0x000001b7bd4c0450 Exception <a 'java/io/FileNotFoundException'{0x00000000eb8ba288}> (0x00000000eb8ba288) 
thrown [s\src\hotspot\share\prims\jni.cpp, line 516]
Event: 1.556 Thread 0x000001b7bd4c0450 Exception <a 'java/io/FileNotFoundException'{0x00000000eb8bb448}> (0x00000000eb8bb448) 
thrown [s\src\hotspot\share\prims\jni.cpp, line 516]
Event: 1.567 Thread 0x000001b7bd4c0450 Exception <a 'java/io/FileNotFoundException'{0x00000000eb8f6468}> (0x00000000eb8f6468) 
thrown [s\src\hotspot\share\prims\jni.cpp, line 516]
Event: 2.018 Thread 0x000001b7bd4c0450 Exception <a 'java/lang/ClassNotFoundException'{0x00000000ec111b50}: sun/net/www/protocol/c/Handler> (0x00000000ec111b50) 
thrown [s\src\hotspot\share\classfile\systemDictionary.cpp, line 256]
Event: 2.019 Thread 0x000001b7bd4c0450 Exception <a 'java/lang/ClassNotFoundException'{0x00000000ec112f00}: sun/net/www/protocol/c/Handler> (0x00000000ec112f00) 
thrown [s\src\hotspot\share\classfile\systemDictionary.cpp, line 256]
Event: 2.019 Thread 0x000001b7bd4c0450 Exception <a 'java/lang/ClassNotFoundException'{0x00000000ec1140f8}: sun/net/www/protocol/c/Handler> (0x00000000ec1140f8) 
thrown [s\src\hotspot\share\classfile\systemDictionary.cpp, line 256]
Event: 2.033 Thread 0x000001b7bd4c0450 Exception <a 'java/io/FileNotFoundException'{0x00000000ec138e60}> (0x00000000ec138e60) 
thrown [s\src\hotspot\share\prims\jni.cpp, line 516]
Event: 2.408 Thread 0x000001b7bd4c0450 Exception <a 'java/lang/NoSuchMethodError'{0x00000000eab14f78}: 'int java.lang.invoke.DirectMethodHandle$Holder.invokeStaticInit(java.lang.Object, java.lang.Object, java.lang.Object, java.lang.Object)'> (0x00000000eab14f78) 
thrown [s\src\hotspot\share\interpreter\linkResolver.cpp, line 759]
Event: 2.411 Thread 0x000001b7bd4c0450 Exception <a 'java/lang/NoSuchMethodError'{0x00000000eab1f6f0}: 'java.lang.Object java.lang.invoke.DirectMethodHandle$Holder.invokeInterface(java.lang.Object, java.lang.Object)'> (0x00000000eab1f6f0) 
thrown [s\src\hotspot\share\interpreter\linkResolver.cpp, line 759]
Event: 2.412 Thread 0x000001b7bd4c0450 Exception <a 'java/lang/IncompatibleClassChangeError'{0x00000000eab22ee8}: Found class java.lang.Object, but interface was expected> (0x00000000eab22ee8) 
thrown [s\src\hotspot\share\interpreter\linkResolver.cpp, line 826]
Event: 2.413 Thread 0x000001b7bd4c0450 Exception <a 'java/lang/NoSuchMethodError'{0x00000000eab273d8}: 'void java.lang.invoke.DirectMethodHandle$Holder.invokeStatic(java.lang.Object, java.lang.Object)'> (0x00000000eab273d8) 
thrown [s\src\hotspot\share\interpreter\linkResolver.cpp, line 759]
Event: 2.414 Thread 0x000001b7bd4c0450 Exception <a 'java/lang/NoSuchMethodError'{0x00000000eab2abd8}: 'void java.lang.invoke.DirectMethodHandle$Holder.invokeStaticInit(java.lang.Object, java.lang.Object)'> (0x00000000eab2abd8) 
thrown [s\src\hotspot\share\interpreter\linkResolver.cpp, line 759]
Event: 2.416 Thread 0x000001b7bd4c0450 Exception <a 'java/lang/NoSuchMethodError'{0x00000000eab33148}: 'int java.lang.invoke.DirectMethodHandle$Holder.invokeStaticInit(java.lang.Object, java.lang.Object)'> (0x00000000eab33148) 
thrown [s\src\hotspot\share\interpreter\linkResolver.cpp, line 759]
Event: 2.584 Thread 0x000001b7bd4c0450 Exception <a 'java/lang/NoSuchMethodError'{0x00000000eac9e408}: 'void java.lang.invoke.DirectMethodHandle$Holder.invokeSpecial(java.lang.Object, java.lang.Object, java.lang.Object)'> (0x00000000eac9e408) 
thrown [s\src\hotspot\share\interpreter\linkResolver.cpp, line 759]
Event: 3.089 Thread 0x000001b7bd4c0450 Exception <a 'java/lang/NoSuchMethodError'{0x00000000eb96fe90}: 'java.lang.Object java.lang.invoke.DirectMethodHandle$Holder.newInvokeSpecial(java.lang.Object, int, java.lang.Object)'> (0x00000000eb96fe90) 
thrown [s\src\hotspot\share\interpreter\linkResolver.cpp, line 759]

VM Operations (20 events):
Event: 0.401 Executing VM operation: HandshakeAllThreads
Event: 0.401 Executing VM operation: HandshakeAllThreads done
Event: 0.584 Executing VM operation: HandshakeAllThreads
Event: 0.584 Executing VM operation: HandshakeAllThreads done
Event: 1.490 Executing VM operation: HandshakeAllThreads
Event: 1.490 Executing VM operation: HandshakeAllThreads done
Event: 1.490 Executing VM operation: Cleanup
Event: 1.498 Executing VM operation: Cleanup done
Event: 1.516 Executing VM operation: HandshakeAllThreads
Event: 1.516 Executing VM operation: HandshakeAllThreads done
Event: 2.388 Executing VM operation: ParallelGCFailedAllocation
Event: 2.403 Executing VM operation: ParallelGCFailedAllocation done
Event: 3.025 Executing VM operation: HandshakeAllThreads
Event: 3.035 Executing VM operation: HandshakeAllThreads done
Event: 3.036 Executing VM operation: HandshakeAllThreads
Event: 3.036 Executing VM operation: HandshakeAllThreads done
Event: 3.048 Executing VM operation: HandshakeAllThreads
Event: 3.048 Executing VM operation: HandshakeAllThreads done
Event: 3.078 Executing VM operation: HandshakeAllThreads
Event: 3.078 Executing VM operation: HandshakeAllThreads done

Events (20 events):
Event: 3.239 loading class java/security/KeyStoreException
Event: 3.240 loading class java/security/KeyStoreException done
Event: 3.303 loading class sun/security/x509/SubjectAlternativeNameExtension
Event: 3.303 loading class sun/security/x509/SubjectAlternativeNameExtension done
Event: 3.304 loading class sun/security/x509/RFC822Name
Event: 3.304 loading class sun/security/x509/RFC822Name done
Event: 3.309 Thread 0x000001b7d9a8e450 Thread added: 0x000001b7d9a8e450
Event: 3.372 loading class java/util/LinkedList$Node
Event: 3.372 loading class java/util/LinkedList$Node done
Event: 3.372 loading class java/util/LinkedList$ListItr
Event: 3.372 loading class java/util/LinkedList$ListItr done
Event: 3.390 loading class sun/nio/fs/WindowsChannelFactory
Event: 3.391 loading class sun/nio/fs/WindowsChannelFactory done
Event: 3.391 loading class sun/nio/fs/WindowsChannelFactory$1
Event: 3.391 loading class sun/nio/fs/WindowsChannelFactory$1 done
Event: 3.391 loading class sun/nio/fs/WindowsChannelFactory$Flags
Event: 3.391 loading class sun/nio/fs/WindowsChannelFactory$Flags done
Event: 3.392 loading class sun/nio/ch/FileChannelImpl$Closer
Event: 3.392 loading class sun/nio/ch/FileChannelImpl$Closer done
Event: 3.469 Thread 0x000001b7d9a8e450 Thread exited: 0x000001b7d9a8e450


Dynamic libraries:
0x00007ff787310000 - 0x00007ff78731e000 	c:\Users\EMMANUEL DEBEING\.vscode\extensions\redhat.java-1.33.0-win32-x64\jre\17.0.11-win32-x86_64\bin\java.exe
0x00007ffd896b0000 - 0x00007ffd898c7000 	C:\WINDOWS\SYSTEM32\ntdll.dll
0x00007ffd88860000 - 0x00007ffd88924000 	C:\WINDOWS\System32\KERNEL32.DLL
0x00007ffd87030000 - 0x00007ffd873dd000 	C:\WINDOWS\System32\KERNELBASE.dll
0x00007ffd86dc0000 - 0x00007ffd86ed1000 	C:\WINDOWS\System32\ucrtbase.dll
0x00007ffd5be40000 - 0x00007ffd5be57000 	c:\Users\EMMANUEL DEBEING\.vscode\extensions\redhat.java-1.33.0-win32-x64\jre\17.0.11-win32-x86_64\bin\jli.dll
0x00007ffd89470000 - 0x00007ffd8961e000 	C:\WINDOWS\System32\USER32.dll
0x00007ffd87000000 - 0x00007ffd87026000 	C:\WINDOWS\System32\win32u.dll
0x00007ffd87770000 - 0x00007ffd87799000 	C:\WINDOWS\System32\GDI32.dll
0x00007ffd86ee0000 - 0x00007ffd86ff9000 	C:\WINDOWS\System32\gdi32full.dll
0x00007ffd86c00000 - 0x00007ffd86c9a000 	C:\WINDOWS\System32\msvcp_win.dll
0x00007ffd5af10000 - 0x00007ffd5af2b000 	c:\Users\EMMANUEL DEBEING\.vscode\extensions\redhat.java-1.33.0-win32-x64\jre\17.0.11-win32-x86_64\bin\VCRUNTIME140.dll
0x00007ffd692b0000 - 0x00007ffd69543000 	C:\WINDOWS\WinSxS\amd64_microsoft.windows.common-controls_6595b64144ccf1df_6.0.22621.3672_none_2713b9d173822955\COMCTL32.dll
0x00007ffd88930000 - 0x00007ffd889d7000 	C:\WINDOWS\System32\msvcrt.dll
0x00007ffd890d0000 - 0x00007ffd89101000 	C:\WINDOWS\System32\IMM32.DLL
0x00007ffd73060000 - 0x00007ffd7306c000 	c:\Users\EMMANUEL DEBEING\.vscode\extensions\redhat.java-1.33.0-win32-x64\jre\17.0.11-win32-x86_64\bin\vcruntime140_1.dll
0x00007ffd29090000 - 0x00007ffd2911d000 	c:\Users\EMMANUEL DEBEING\.vscode\extensions\redhat.java-1.33.0-win32-x64\jre\17.0.11-win32-x86_64\bin\msvcp140.dll
0x00007ffcf6880000 - 0x00007ffcf74e2000 	c:\Users\EMMANUEL DEBEING\.vscode\extensions\redhat.java-1.33.0-win32-x64\jre\17.0.11-win32-x86_64\bin\server\jvm.dll
0x00007ffd89010000 - 0x00007ffd890c2000 	C:\WINDOWS\System32\ADVAPI32.dll
0x00007ffd879b0000 - 0x00007ffd87a59000 	C:\WINDOWS\System32\sechost.dll
0x00007ffd86d90000 - 0x00007ffd86db8000 	C:\WINDOWS\System32\bcrypt.dll
0x00007ffd87890000 - 0x00007ffd879a4000 	C:\WINDOWS\System32\RPCRT4.dll
0x00007ffd86890000 - 0x00007ffd868dd000 	C:\WINDOWS\SYSTEM32\POWRPROF.dll
0x00007ffd68ca0000 - 0x00007ffd68ca9000 	C:\WINDOWS\SYSTEM32\WSOCK32.dll
0x00007ffd88380000 - 0x00007ffd883f1000 	C:\WINDOWS\System32\WS2_32.dll
0x00007ffd83830000 - 0x00007ffd83864000 	C:\WINDOWS\SYSTEM32\WINMM.dll
0x00007ffd7dd80000 - 0x00007ffd7dd8a000 	C:\WINDOWS\SYSTEM32\VERSION.dll
0x00007ffd86870000 - 0x00007ffd86883000 	C:\WINDOWS\SYSTEM32\UMPDC.dll
0x00007ffd85a00000 - 0x00007ffd85a18000 	C:\WINDOWS\SYSTEM32\kernel.appcore.dll
0x00007ffd71f30000 - 0x00007ffd71f3a000 	c:\Users\EMMANUEL DEBEING\.vscode\extensions\redhat.java-1.33.0-win32-x64\jre\17.0.11-win32-x86_64\bin\jimage.dll
0x00007ffd84240000 - 0x00007ffd84472000 	C:\WINDOWS\SYSTEM32\DBGHELP.DLL
0x00007ffd873e0000 - 0x00007ffd8776d000 	C:\WINDOWS\System32\combase.dll
0x00007ffd89390000 - 0x00007ffd89467000 	C:\WINDOWS\System32\OLEAUT32.dll
0x00007ffd7f7f0000 - 0x00007ffd7f822000 	C:\WINDOWS\SYSTEM32\dbgcore.DLL
0x00007ffd86ca0000 - 0x00007ffd86d1b000 	C:\WINDOWS\System32\bcryptPrimitives.dll
0x00007ffd6f0d0000 - 0x00007ffd6f0de000 	c:\Users\EMMANUEL DEBEING\.vscode\extensions\redhat.java-1.33.0-win32-x64\jre\17.0.11-win32-x86_64\bin\instrument.dll
0x00007ffd37f00000 - 0x00007ffd37f25000 	c:\Users\EMMANUEL DEBEING\.vscode\extensions\redhat.java-1.33.0-win32-x64\jre\17.0.11-win32-x86_64\bin\java.dll
0x00007ffd4efc0000 - 0x00007ffd4efd8000 	c:\Users\EMMANUEL DEBEING\.vscode\extensions\redhat.java-1.33.0-win32-x64\jre\17.0.11-win32-x86_64\bin\zip.dll
0x00007ffd87b10000 - 0x00007ffd88377000 	C:\WINDOWS\System32\SHELL32.dll
0x00007ffd84920000 - 0x00007ffd8521e000 	C:\WINDOWS\SYSTEM32\windows.storage.dll
0x00007ffd847e0000 - 0x00007ffd8491f000 	C:\WINDOWS\SYSTEM32\wintypes.dll
0x00007ffd889e0000 - 0x00007ffd88ad9000 	C:\WINDOWS\System32\SHCORE.dll
0x00007ffd88650000 - 0x00007ffd886ae000 	C:\WINDOWS\System32\shlwapi.dll
0x00007ffd86900000 - 0x00007ffd86921000 	C:\WINDOWS\SYSTEM32\profapi.dll
0x00007ffd56bd0000 - 0x00007ffd56be9000 	C:\Users\EMMANUEL DEBEING\.vscode\extensions\redhat.java-1.33.0-win32-x64\jre\17.0.11-win32-x86_64\bin\net.dll
0x00007ffd80410000 - 0x00007ffd80546000 	C:\WINDOWS\SYSTEM32\WINHTTP.dll
0x00007ffd85e70000 - 0x00007ffd85ed9000 	C:\WINDOWS\system32\mswsock.dll
0x00007ffd48650000 - 0x00007ffd48666000 	C:\Users\EMMANUEL DEBEING\.vscode\extensions\redhat.java-1.33.0-win32-x64\jre\17.0.11-win32-x86_64\bin\nio.dll
0x00007ffd6e240000 - 0x00007ffd6e250000 	c:\Users\EMMANUEL DEBEING\.vscode\extensions\redhat.java-1.33.0-win32-x64\jre\17.0.11-win32-x86_64\bin\verify.dll

dbghelp: loaded successfully - version: 4.0.5 - missing functions: none
symbol engine: initialized successfully - sym options: 0x614 - pdb path: .;c:\Users\EMMANUEL DEBEING\.vscode\extensions\redhat.java-1.33.0-win32-x64\jre\17.0.11-win32-x86_64\bin;C:\WINDOWS\SYSTEM32;C:\WINDOWS\WinSxS\amd64_microsoft.windows.common-controls_6595b64144ccf1df_6.0.22621.3672_none_2713b9d173822955;c:\Users\EMMANUEL DEBEING\.vscode\extensions\redhat.java-1.33.0-win32-x64\jre\17.0.11-win32-x86_64\bin\server

VM Arguments:
jvm_args: --add-modules=ALL-SYSTEM --add-opens=java.base/java.util=ALL-UNNAMED --add-opens=java.base/java.lang=ALL-UNNAMED --add-opens=java.base/sun.nio.fs=ALL-UNNAMED -Declipse.application=org.eclipse.jdt.ls.core.id1 -Dosgi.bundles.defaultStartLevel=4 -Declipse.product=org.eclipse.jdt.ls.core.product -Djava.import.generatesMetadataFilesAtProjectRoot=false -DDetectVMInstallationsJob.disabled=true -Dfile.encoding=utf8 -XX:+UseParallelGC -XX:GCTimeRatio=4 -XX:AdaptiveSizePolicyWeight=90 -Dsun.zip.disableMemoryMapping=true -Xmx1G -Xms100m -Xlog:disable -javaagent:c:\Users\EMMANUEL DEBEING\.vscode\extensions\redhat.java-1.33.0-win32-x64\lombok\lombok-1.18.33.jar 
java_command: c:\Users\EMMANUEL DEBEING\.vscode\extensions\redhat.java-1.33.0-win32-x64\server\plugins\org.eclipse.equinox.launcher_1.6.900.v20240613-2009.jar -configuration c:\Users\EMMANUEL DEBEING\AppData\Roaming\Code\User\globalStorage\redhat.java\1.33.0\config_ss_win -data c:\Users\EMMANUEL DEBEING\AppData\Roaming\Code\User\workspaceStorage\ce9bf10705b48ae7e9daec10de22d4fa\redhat.java\ss_ws --pipe=\\.\pipe\lsp-d48cc9e70d59f32906edf5651697b1e8-sock
java_class_path (initial): c:\Users\EMMANUEL DEBEING\.vscode\extensions\redhat.java-1.33.0-win32-x64\server\plugins\org.eclipse.equinox.launcher_1.6.900.v20240613-2009.jar
Launcher Type: SUN_STANDARD

[Global flags]
    uintx AdaptiveSizePolicyWeight                 = 90                                        {product} {command line}
     intx CICompilerCount                          = 4                                         {product} {ergonomic}
    uintx GCTimeRatio                              = 4                                         {product} {command line}
   size_t InitialHeapSize                          = 104857600                                 {product} {command line}
   size_t MaxHeapSize                              = 1073741824                                {product} {command line}
   size_t MaxNewSize                               = 357564416                                 {product} {ergonomic}
   size_t MinHeapDeltaBytes                        = 524288                                    {product} {ergonomic}
   size_t MinHeapSize                              = 104857600                                 {product} {command line}
   size_t NewSize                                  = 34603008                                  {product} {ergonomic}
    uintx NonNMethodCodeHeapSize                   = 5839372                                {pd product} {ergonomic}
    uintx NonProfiledCodeHeapSize                  = 122909434                              {pd product} {ergonomic}
   size_t OldSize                                  = 70254592                                  {product} {ergonomic}
    uintx ProfiledCodeHeapSize                     = 122909434                              {pd product} {ergonomic}
    uintx ReservedCodeCacheSize                    = 251658240                              {pd product} {ergonomic}
     bool SegmentedCodeCache                       = true                                      {product} {ergonomic}
   size_t SoftMaxHeapSize                          = 1073741824                             {manageable} {ergonomic}
     bool UseCompressedClassPointers               = true                           {product lp64_product} {ergonomic}
     bool UseCompressedOops                        = true                           {product lp64_product} {ergonomic}
     bool UseLargePagesIndividualAllocation        = false                                  {pd product} {ergonomic}
     bool UseParallelGC                            = true                                      {product} {command line}

Logging:
Log output configuration:
 #0: stdout all=off uptime,level,tags
 #1: stderr all=off uptime,level,tags

Environment Variables:
PATH=C:\Program Files\Common Files\Oracle\Java\javapath;C:\WINDOWS\system32;C:\WINDOWS;C:\WINDOWS\System32\Wbem;C:\WINDOWS\System32\WindowsPowerShell\v1.0\;C:\WINDOWS\System32\OpenSSH\;c:\Users\EMMANUEL DEBEING\AppData\Local\Programs\cursor\resources\app\bin;C:\Program Files\Docker\Docker\resources\bin;C:\Program Files\Git\cmd;C:\Program Files\nodejs\;C:\Program Files (x86)\apache-maven-3.9.8\bin;C:\Users\EMMANUEL DEBEING\AppData\Local\Programs\Python\Python312\Scripts\;C:\Users\EMMANUEL DEBEING\AppData\Local\Programs\Python\Python312\;C:\Users\EMMANUEL DEBEING\AppData\Local\Microsoft\WindowsApps;C:\Users\EMMANUEL DEBEING\AppData\Local\Programs\Microsoft VS Code\bin;C:\Users\EMMANUEL DEBEING\AppData\Roaming\npm
USERNAME=EMMANUEL DEBEING
OS=Windows_NT
PROCESSOR_IDENTIFIER=AMD64 Family 23 Model 24 Stepping 1, AuthenticAMD
TMP=C:\Users\EMMANU~1\AppData\Local\Temp
TEMP=C:\Users\EMMANU~1\AppData\Local\Temp



Periodic native trim disabled


---------------  S Y S T E M  ---------------

OS:
 Windows 11 , 64 bit Build 22621 (10.0.22621.3958)
OS uptime: 9 days 19:09 hours

CPU: total 8 (initial active 8) (8 cores per cpu, 2 threads per core) family 23 model 24 stepping 1 microcode 0x0, cx8, cmov, fxsr, ht, mmx, 3dnowpref, sse, sse2, sse3, ssse3, sse4a, sse4.1, sse4.2, popcnt, lzcnt, tsc, tscinvbit, avx, avx2, aes, clmul, bmi1, bmi2, adx, sha, fma, vzeroupper, clflush, clflushopt
Processor Information for all 8 processors :
  Max Mhz: 2100, Current Mhz: 2100, Mhz Limit: 2100

Memory: 4k page, system-wide physical 7103M (364M free)
TotalPageFile size 22463M (AvailPageFile size 26M)
current process WorkingSet (physical memory assigned to process): 81M, peak: 81M
current process commit charge ("private bytes"): 203M, peak: 203M

vm_info: OpenJDK 64-Bit Server VM (17.0.11+9) for windows-amd64 JRE (17.0.11+9), built on Apr 17 2024 06:07:48 by "admin" with MS VC++ 16.10 / 16.11 (VS2019)

END.
