#
# There is insufficient memory for the Java Runtime Environment to continue.
# Native memory allocation (malloc) failed to allocate 2097152 bytes. Error detail: AllocateHeap
# Possible reasons:
#   The system is out of physical RAM or swap space
#   This process is running with CompressedOops enabled, and the Java Heap may be blocking the growth of the native heap
# Possible solutions:
#   Reduce memory load on the system
#   Increase physical memory or swap space
#   Check if swap backing store is full
#   Decrease Java heap size (-Xmx/-Xms)
#   Decrease number of Java threads
#   Decrease Java thread stack sizes (-Xss)
#   Set larger code cache with -XX:ReservedCodeCacheSize=
#   JVM is running with Unscaled Compressed Oops mode in which the Java heap is
#     placed in the first 4GB address space. The Java Heap base address is the
#     maximum limit for the native heap growth. Please use -XX:HeapBaseMinAddress
#     to set the Java Heap base and to place the Java Heap above 4GB virtual address.
# This output file may be truncated or incomplete.
#
#  Out of Memory Error (allocation.cpp:44), pid=20988, tid=19280
#
# JRE version: OpenJDK Runtime Environment Temurin-17.0.11+9 (17.0.11+9) (build 17.0.11+9)
# Java VM: OpenJDK 64-Bit Server VM Temurin-17.0.11+9 (17.0.11+9, mixed mode, emulated-client, tiered, compressed oops, compressed class ptrs, g1 gc, windows-amd64)
# No core dump will be written. Minidumps are not enabled by default on client versions of Windows
#

---------------  S U M M A R Y ------------

Command Line: -Xmx1024m -Dsts.lsp.client=vscode -Dsts.log.file=/dev/null -XX:TieredStopAtLevel=1 -Xlog:jni+resolve=off -Dspring.config.location=file:c:\Users\EMMANUEL DEBEING\.vscode\extensions\vmware.vscode-spring-boot-1.56.0\language-server\BOOT-INF\classes\application.properties org.springframework.ide.vscode.boot.app.BootLanguageServerBootApp

Host: AMD Ryzen 5 3500U with Radeon Vega Mobile Gfx  , 8 cores, 6G,  Windows 11 , 64 bit Build 22621 (10.0.22621.3958)
Time: Mon Aug  5 14:28:26 2024 Temps universel coordonné elapsed time: 245456.030127 seconds (2d 20h 10m 56s)

---------------  T H R E A D  ---------------

Current thread (0x0000021b1443ca40):  VMThread "VM Thread" [stack: 0x000000b3b0100000,0x000000b3b0200000] [id=19280]

Stack: [0x000000b3b0100000,0x000000b3b0200000]
Native frames: (J=compiled Java code, j=interpreted, Vv=VM code, C=native code)
V  [jvm.dll+0x67d429]
V  [jvm.dll+0x834b7a]
V  [jvm.dll+0x83663e]
V  [jvm.dll+0x836ca3]
V  [jvm.dll+0x247dbf]
V  [jvm.dll+0xa6cb3]
V  [jvm.dll+0x2f8b61]
V  [jvm.dll+0x2f4750]
V  [jvm.dll+0x2dcf67]
V  [jvm.dll+0x31fb67]
V  [jvm.dll+0x83b19b]
V  [jvm.dll+0x83bed2]
V  [jvm.dll+0x83c3ed]
V  [jvm.dll+0x83c7c4]
V  [jvm.dll+0x83c890]
V  [jvm.dll+0x7e410a]
V  [jvm.dll+0x67c315]
C  [ucrtbase.dll+0x29333]
C  [KERNEL32.DLL+0x1257d]
C  [ntdll.dll+0x5af28]

VM_Operation (0x000000b3b19fea30): G1CollectFull, mode: safepoint, requested by thread 0x0000021b19b6bd10


---------------  P R O C E S S  ---------------

Threads class SMR info:
_java_thread_list=0x0000021b1aaab9d0, length=28, elements={
0x0000021b14451380, 0x0000021b14452390, 0x0000021b14483700, 0x0000021b14483fd0,
0x0000021b144848a0, 0x0000021b14485170, 0x0000021b14485af0, 0x0000021b14486400,
0x0000021b147dac70, 0x0000021b147dd5b0, 0x0000021b19b6b830, 0x0000021b19b6bd10,
0x0000021b1a438820, 0x0000021b0966aa80, 0x0000021b1a48b840, 0x0000021b1a0df510,
0x0000021b1a4efdc0, 0x0000021b1a4f02d0, 0x0000021b1a4f1200, 0x0000021b1a4f07e0,
0x0000021b1a62d6c0, 0x0000021b1a6294f0, 0x0000021b1a62c280, 0x0000021b1a629a00,
0x0000021b1a6285c0, 0x0000021b1a629f10, 0x0000021b1a62f010, 0x0000021b1a62a420
}

Java Threads: ( => current thread )
  0x0000021b14451380 JavaThread "Reference Handler" daemon [_thread_blocked, id=10716, stack(0x000000b3b0200000,0x000000b3b0300000)]
  0x0000021b14452390 JavaThread "Finalizer" daemon [_thread_blocked, id=12656, stack(0x000000b3b0300000,0x000000b3b0400000)]
  0x0000021b14483700 JavaThread "Signal Dispatcher" daemon [_thread_blocked, id=11836, stack(0x000000b3b0400000,0x000000b3b0500000)]
  0x0000021b14483fd0 JavaThread "Attach Listener" daemon [_thread_blocked, id=23836, stack(0x000000b3b0500000,0x000000b3b0600000)]
  0x0000021b144848a0 JavaThread "Service Thread" daemon [_thread_blocked, id=18032, stack(0x000000b3b0600000,0x000000b3b0700000)]
  0x0000021b14485170 JavaThread "Monitor Deflation Thread" daemon [_thread_blocked, id=26264, stack(0x000000b3b0700000,0x000000b3b0800000)]
  0x0000021b14485af0 JavaThread "C1 CompilerThread0" daemon [_thread_blocked, id=16144, stack(0x000000b3b0800000,0x000000b3b0900000)]
  0x0000021b14486400 JavaThread "Sweeper thread" daemon [_thread_blocked, id=23672, stack(0x000000b3b0900000,0x000000b3b0a00000)]
  0x0000021b147dac70 JavaThread "Notification Thread" daemon [_thread_blocked, id=11476, stack(0x000000b3b0a00000,0x000000b3b0b00000)]
  0x0000021b147dd5b0 JavaThread "Common-Cleaner" daemon [_thread_blocked, id=16620, stack(0x000000b3b0c00000,0x000000b3b0d00000)]
  0x0000021b19b6b830 JavaThread "boundedElastic-evictor-1" daemon [_thread_blocked, id=20872, stack(0x000000b3b1500000,0x000000b3b1600000)]
  0x0000021b19b6bd10 JavaThread "pool-13-thread-1" [_thread_blocked, id=21920, stack(0x000000b3b1900000,0x000000b3b1a00000)]
  0x0000021b1a438820 JavaThread "LanguageServerApp-lifecycle" [_thread_blocked, id=20188, stack(0x000000b3b1a00000,0x000000b3b1b00000)]
  0x0000021b0966aa80 JavaThread "DestroyJavaVM" [_thread_blocked, id=27360, stack(0x000000b3afb00000,0x000000b3afc00000)]
  0x0000021b1a48b840 JavaThread "pool-14-thread-1" [_thread_in_native, id=7212, stack(0x000000b3b1b00000,0x000000b3b1c00000)]
  0x0000021b1a0df510 JavaThread "Simple-Language-Server main thread" daemon [_thread_blocked, id=18828, stack(0x000000b3b1c00000,0x000000b3b1d00000)]
  0x0000021b1a4efdc0 JavaThread "parallel-1" daemon [_thread_blocked, id=1812, stack(0x000000b3b1f00000,0x000000b3b2000000)]
  0x0000021b1a4f02d0 JavaThread "pool-6-thread-1" [_thread_blocked, id=14472, stack(0x000000b3b2000000,0x000000b3b2100000)]
  0x0000021b1a4f1200 JavaThread "parallel-2" daemon [_thread_blocked, id=13404, stack(0x000000b3b2100000,0x000000b3b2200000)]
  0x0000021b1a4f07e0 JavaThread "parallel-3" daemon [_thread_blocked, id=2500, stack(0x000000b3b2200000,0x000000b3b2300000)]
  0x0000021b1a62d6c0 JavaThread "parallel-4" daemon [_thread_blocked, id=17872, stack(0x000000b3b2600000,0x000000b3b2700000)]
  0x0000021b1a6294f0 JavaThread "parallel-5" daemon [_thread_blocked, id=15304, stack(0x000000b3b2700000,0x000000b3b2800000)]
  0x0000021b1a62c280 JavaThread "Reconciler-1" daemon [_thread_blocked, id=20376, stack(0x000000b3b2800000,0x000000b3b2900000)]
  0x0000021b1a629a00 JavaThread "parallel-6" daemon [_thread_blocked, id=1900, stack(0x000000b3af800000,0x000000b3af900000)]
  0x0000021b1a6285c0 JavaThread "pool-8-thread-1" [_thread_blocked, id=22328, stack(0x000000b3afa00000,0x000000b3afb00000)]
  0x0000021b1a629f10 JavaThread "parallel-7" daemon [_thread_blocked, id=21128, stack(0x000000b3b0d00000,0x000000b3b0e00000)]
  0x0000021b1a62f010 JavaThread "parallel-8" daemon [_thread_blocked, id=14972, stack(0x000000b3af900000,0x000000b3afa00000)]
  0x0000021b1a62a420 JavaThread "CompletableFutureDelayScheduler" daemon [_thread_blocked, id=2004, stack(0x000000b3b1e00000,0x000000b3b1f00000)]

Other Threads:
=>0x0000021b1443ca40 VMThread "VM Thread" [stack: 0x000000b3b0100000,0x000000b3b0200000] [id=19280]
  0x0000021b147db150 WatcherThread [stack: 0x000000b3b0b00000,0x000000b3b0c00000] [id=4684]
  0x0000021b096a7540 GCTaskThread "GC Thread#0" [stack: 0x000000b3afc00000,0x000000b3afd00000] [id=4728]
  0x0000021b19173450 GCTaskThread "GC Thread#1" [stack: 0x000000b3b0e00000,0x000000b3b0f00000] [id=12884]
  0x0000021b146a34e0 GCTaskThread "GC Thread#2" [stack: 0x000000b3b0f00000,0x000000b3b1000000] [id=7528]
  0x0000021b146bb460 GCTaskThread "GC Thread#3" [stack: 0x000000b3b1000000,0x000000b3b1100000] [id=23972]
  0x0000021b19971040 GCTaskThread "GC Thread#4" [stack: 0x000000b3b1100000,0x000000b3b1200000] [id=13132]
  0x0000021b19973310 GCTaskThread "GC Thread#5" [stack: 0x000000b3b1200000,0x000000b3b1300000] [id=25392]
  0x0000021b19e35900 GCTaskThread "GC Thread#6" [stack: 0x000000b3b1600000,0x000000b3b1700000] [id=26404]
  0x0000021b19e35bc0 GCTaskThread "GC Thread#7" [stack: 0x000000b3b1700000,0x000000b3b1800000] [id=26808]
  0x0000021b096b03a0 ConcurrentGCThread "G1 Main Marker" [stack: 0x000000b3afd00000,0x000000b3afe00000] [id=15008]
  0x0000021b096b2480 ConcurrentGCThread "G1 Conc#0" [stack: 0x000000b3afe00000,0x000000b3aff00000] [id=11908]
  0x0000021b19e30460 ConcurrentGCThread "G1 Conc#1" [stack: 0x000000b3b1800000,0x000000b3b1900000] [id=16824]
  0x0000021b142b20b0 ConcurrentGCThread "G1 Refine#0" [stack: 0x000000b3aff00000,0x000000b3b0000000] [id=19624]
  0x0000021b142b29f0 ConcurrentGCThread "G1 Service" [stack: 0x000000b3b0000000,0x000000b3b0100000] [id=15272]

Threads with active compile tasks:

VM state: at safepoint (normal execution)

VM Mutex/Monitor currently owned by a thread:  ([mutex/lock_event])
[0x0000021b073b5080] Threads_lock - owner thread: 0x0000021b1443ca40
[0x0000021b073aef70] Heap_lock - owner thread: 0x0000021b19b6bd10

Heap address: 0x00000000c0000000, size: 1024 MB, Compressed Oops mode: 32-bit

CDS archive(s) not mapped
Compressed class space mapped at: 0x0000000100000000-0x0000000140000000, reserved size: 1073741824
Narrow klass base: 0x0000000000000000, Narrow klass shift: 3, Narrow klass range: 0x140000000

GC Precious Log:
 CPUs: 8 total, 8 available
 Memory: 7103M
 Large Page Support: Disabled
 NUMA Support: Disabled
 Compressed Oops: Enabled (32-bit)
 Heap Region Size: 1M
 Heap Min Capacity: 8M
 Heap Initial Capacity: 112M
 Heap Max Capacity: 1G
 Pre-touch: Disabled
 Parallel Workers: 8
 Concurrent Workers: 2
 Concurrent Refinement Workers: 8
 Periodic GC: Disabled

Heap:
 garbage-first heap   total 75776K, used 39232K [0x00000000c0000000, 0x0000000100000000)
  region size 1024K, 1 young (1024K), 0 survivors (0K)
 Metaspace       used 61704K, committed 62080K, reserved 1114112K
  class space    used 7542K, committed 7680K, reserved 1048576K

Heap Regions: E=young(eden), S=young(survivor), O=old, HS=humongous(starts), HC=humongous(continues), CS=collection set, F=free, OA=open archive, CA=closed archive, TAMS=top-at-mark-start (previous, next)
|   0|0x00000000c0000000, 0x00000000c0100000, 0x00000000c0100000|100%|HS|  |TAMS 0x00000000c0100000, 0x00000000c0000000| Untracked 
|   1|0x00000000c0100000, 0x00000000c0200000, 0x00000000c0200000|100%|HC|  |TAMS 0x00000000c0200000, 0x00000000c0100000| Untracked 
|   2|0x00000000c0200000, 0x00000000c0300000, 0x00000000c0300000|100%|HC|  |TAMS 0x00000000c0300000, 0x00000000c0200000| Untracked 
|   3|0x00000000c0300000, 0x00000000c0400000, 0x00000000c0400000|100%|HC|  |TAMS 0x00000000c0400000, 0x00000000c0300000| Untracked 
|   4|0x00000000c0400000, 0x00000000c0500000, 0x00000000c0500000|100%|HS|  |TAMS 0x00000000c0500000, 0x00000000c0400000| Untracked 
|   5|0x00000000c0500000, 0x00000000c0600000, 0x00000000c0600000|100%|HC|  |TAMS 0x00000000c0600000, 0x00000000c0500000| Untracked 
|   6|0x00000000c0600000, 0x00000000c06fffd8, 0x00000000c0700000| 99%| O|  |TAMS 0x00000000c06fffd8, 0x00000000c0600000| Untracked 
|   7|0x00000000c0700000, 0x00000000c0800000, 0x00000000c0800000|100%| O|  |TAMS 0x00000000c0800000, 0x00000000c0700000| Untracked 
|   8|0x00000000c0800000, 0x00000000c08fffe8, 0x00000000c0900000| 99%| O|  |TAMS 0x00000000c08fffe8, 0x00000000c0800000| Untracked 
|   9|0x00000000c0900000, 0x00000000c0a00000, 0x00000000c0a00000|100%| O|  |TAMS 0x00000000c0a00000, 0x00000000c0900000| Untracked 
|  10|0x00000000c0a00000, 0x00000000c0affff8, 0x00000000c0b00000| 99%| O|  |TAMS 0x00000000c0affff8, 0x00000000c0a00000| Untracked 
|  11|0x00000000c0b00000, 0x00000000c0c00000, 0x00000000c0c00000|100%| O|  |TAMS 0x00000000c0c00000, 0x00000000c0b00000| Untracked 
|  12|0x00000000c0c00000, 0x00000000c0d00000, 0x00000000c0d00000|100%| O|  |TAMS 0x00000000c0d00000, 0x00000000c0c00000| Untracked 
|  13|0x00000000c0d00000, 0x00000000c0e00000, 0x00000000c0e00000|100%| O|  |TAMS 0x00000000c0e00000, 0x00000000c0d00000| Untracked 
|  14|0x00000000c0e00000, 0x00000000c0f00000, 0x00000000c0f00000|100%| O|  |TAMS 0x00000000c0f00000, 0x00000000c0e00000| Untracked 
|  15|0x00000000c0f00000, 0x00000000c0ffcef0, 0x00000000c1000000| 98%| O|  |TAMS 0x00000000c0ffcef0, 0x00000000c0f00000| Untracked 
|  16|0x00000000c1000000, 0x00000000c10ffff8, 0x00000000c1100000| 99%| O|  |TAMS 0x00000000c10ffff8, 0x00000000c1000000| Untracked 
|  17|0x00000000c1100000, 0x00000000c11ffff8, 0x00000000c1200000| 99%| O|  |TAMS 0x00000000c11ffff8, 0x00000000c1100000| Untracked 
|  18|0x00000000c1200000, 0x00000000c12ffff8, 0x00000000c1300000| 99%| O|  |TAMS 0x00000000c12ffff8, 0x00000000c1200000| Untracked 
|  19|0x00000000c1300000, 0x00000000c13ffff8, 0x00000000c1400000| 99%| O|  |TAMS 0x00000000c13ffff8, 0x00000000c1300000| Untracked 
|  20|0x00000000c1400000, 0x00000000c14fffe8, 0x00000000c1500000| 99%| O|  |TAMS 0x00000000c14fffe8, 0x00000000c1400000| Untracked 
|  21|0x00000000c1500000, 0x00000000c15fc448, 0x00000000c1600000| 98%| O|  |TAMS 0x00000000c15fc448, 0x00000000c1500000| Untracked 
|  22|0x00000000c1600000, 0x00000000c16fffe8, 0x00000000c1700000| 99%| O|  |TAMS 0x00000000c16fffe8, 0x00000000c1600000| Untracked 
|  23|0x00000000c1700000, 0x00000000c17ffff0, 0x00000000c1800000| 99%| O|  |TAMS 0x00000000c17ffff0, 0x00000000c1700000| Untracked 
|  24|0x00000000c1800000, 0x00000000c18ffff0, 0x00000000c1900000| 99%| O|  |TAMS 0x00000000c18ffff0, 0x00000000c1800000| Untracked 
|  25|0x00000000c1900000, 0x00000000c19fffd0, 0x00000000c1a00000| 99%| O|  |TAMS 0x00000000c19fffd0, 0x00000000c1900000| Untracked 
|  26|0x00000000c1a00000, 0x00000000c1affff8, 0x00000000c1b00000| 99%| O|  |TAMS 0x00000000c1affff8, 0x00000000c1a00000| Untracked 
|  27|0x00000000c1b00000, 0x00000000c1bffff0, 0x00000000c1c00000| 99%| O|  |TAMS 0x00000000c1bffff0, 0x00000000c1b00000| Untracked 
|  28|0x00000000c1c00000, 0x00000000c1cfd1a8, 0x00000000c1d00000| 98%| O|  |TAMS 0x00000000c1cfd1a8, 0x00000000c1c00000| Untracked 
|  29|0x00000000c1d00000, 0x00000000c1dfffd8, 0x00000000c1e00000| 99%| O|  |TAMS 0x00000000c1dfffd8, 0x00000000c1d00000| Untracked 
|  30|0x00000000c1e00000, 0x00000000c1f00000, 0x00000000c1f00000|100%|HS|  |TAMS 0x00000000c1f00000, 0x00000000c1e00000| Untracked 
|  31|0x00000000c1f00000, 0x00000000c1fffff8, 0x00000000c2000000| 99%| O|  |TAMS 0x00000000c1fffff8, 0x00000000c1f00000| Untracked 
|  32|0x00000000c2000000, 0x00000000c20fffe0, 0x00000000c2100000| 99%| O|  |TAMS 0x00000000c20fffe0, 0x00000000c2000000| Untracked 
|  33|0x00000000c2100000, 0x00000000c21fffa0, 0x00000000c2200000| 99%| O|  |TAMS 0x00000000c21fffa0, 0x00000000c2100000| Untracked 
|  34|0x00000000c2200000, 0x00000000c22ffff0, 0x00000000c2300000| 99%| O|  |TAMS 0x00000000c22ffff0, 0x00000000c2200000| Untracked 
|  35|0x00000000c2300000, 0x00000000c23d0ec8, 0x00000000c2400000| 81%| O|  |TAMS 0x00000000c2300000, 0x00000000c2300000| Untracked 
|  36|0x00000000c2400000, 0x00000000c24890a8, 0x00000000c2500000| 53%| O|  |TAMS 0x00000000c2400000, 0x00000000c2400000| Untracked 
|  37|0x00000000c2500000, 0x00000000c2500000, 0x00000000c2600000|  0%| F|  |TAMS 0x00000000c2500000, 0x00000000c2500000| Untracked 
|  38|0x00000000c2600000, 0x00000000c2700000, 0x00000000c2700000|100%| O|  |TAMS 0x00000000c2700000, 0x00000000c2600000| Untracked 
|  39|0x00000000c2700000, 0x00000000c27fffb0, 0x00000000c2800000| 99%| O|  |TAMS 0x00000000c27fffb0, 0x00000000c2700000| Untracked 
|  40|0x00000000c2800000, 0x00000000c2800000, 0x00000000c2900000|  0%| F|  |TAMS 0x00000000c2800000, 0x00000000c2800000| Untracked 
|  41|0x00000000c2900000, 0x00000000c2900000, 0x00000000c2a00000|  0%| F|  |TAMS 0x00000000c2900000, 0x00000000c2900000| Untracked 
|  42|0x00000000c2a00000, 0x00000000c2a00000, 0x00000000c2b00000|  0%| F|  |TAMS 0x00000000c2a00000, 0x00000000c2a00000| Untracked 
|  43|0x00000000c2b00000, 0x00000000c2b00000, 0x00000000c2c00000|  0%| F|  |TAMS 0x00000000c2b00000, 0x00000000c2b00000| Untracked 
|  44|0x00000000c2c00000, 0x00000000c2c00000, 0x00000000c2d00000|  0%| F|  |TAMS 0x00000000c2c00000, 0x00000000c2c00000| Untracked 
|  45|0x00000000c2d00000, 0x00000000c2d00000, 0x00000000c2e00000|  0%| F|  |TAMS 0x00000000c2d00000, 0x00000000c2d00000| Untracked 
|  46|0x00000000c2e00000, 0x00000000c2e00000, 0x00000000c2f00000|  0%| F|  |TAMS 0x00000000c2e00000, 0x00000000c2e00000| Untracked 
|  47|0x00000000c2f00000, 0x00000000c2f00000, 0x00000000c3000000|  0%| F|  |TAMS 0x00000000c2f00000, 0x00000000c2f00000| Untracked 
|  48|0x00000000c3000000, 0x00000000c3000000, 0x00000000c3100000|  0%| F|  |TAMS 0x00000000c3000000, 0x00000000c3000000| Untracked 
|  49|0x00000000c3100000, 0x00000000c3100000, 0x00000000c3200000|  0%| F|  |TAMS 0x00000000c3100000, 0x00000000c3100000| Untracked 
|  50|0x00000000c3200000, 0x00000000c3200000, 0x00000000c3300000|  0%| F|  |TAMS 0x00000000c3200000, 0x00000000c3200000| Untracked 
|  51|0x00000000c3300000, 0x00000000c3300000, 0x00000000c3400000|  0%| F|  |TAMS 0x00000000c3300000, 0x00000000c3300000| Untracked 
|  52|0x00000000c3400000, 0x00000000c3400000, 0x00000000c3500000|  0%| F|  |TAMS 0x00000000c3400000, 0x00000000c3400000| Untracked 
|  53|0x00000000c3500000, 0x00000000c3500000, 0x00000000c3600000|  0%| F|  |TAMS 0x00000000c3500000, 0x00000000c3500000| Untracked 
|  54|0x00000000c3600000, 0x00000000c3600000, 0x00000000c3700000|  0%| F|  |TAMS 0x00000000c3600000, 0x00000000c3600000| Untracked 
|  55|0x00000000c3700000, 0x00000000c3700000, 0x00000000c3800000|  0%| F|  |TAMS 0x00000000c3700000, 0x00000000c3700000| Untracked 
|  56|0x00000000c3800000, 0x00000000c3800000, 0x00000000c3900000|  0%| F|  |TAMS 0x00000000c3800000, 0x00000000c3800000| Untracked 
|  57|0x00000000c3900000, 0x00000000c3900000, 0x00000000c3a00000|  0%| F|  |TAMS 0x00000000c3900000, 0x00000000c3900000| Untracked 
|  58|0x00000000c3a00000, 0x00000000c3a00000, 0x00000000c3b00000|  0%| F|  |TAMS 0x00000000c3a00000, 0x00000000c3a00000| Untracked 
|  59|0x00000000c3b00000, 0x00000000c3b00000, 0x00000000c3c00000|  0%| F|  |TAMS 0x00000000c3b00000, 0x00000000c3b00000| Untracked 
|  60|0x00000000c3c00000, 0x00000000c3c00000, 0x00000000c3d00000|  0%| F|  |TAMS 0x00000000c3c00000, 0x00000000c3c00000| Untracked 
|  61|0x00000000c3d00000, 0x00000000c3d00000, 0x00000000c3e00000|  0%| F|  |TAMS 0x00000000c3d00000, 0x00000000c3d00000| Untracked 
|  62|0x00000000c3e00000, 0x00000000c3e00000, 0x00000000c3f00000|  0%| F|  |TAMS 0x00000000c3e00000, 0x00000000c3e00000| Untracked 
|  63|0x00000000c3f00000, 0x00000000c3f00000, 0x00000000c4000000|  0%| F|  |TAMS 0x00000000c3f00000, 0x00000000c3f00000| Untracked 
|  64|0x00000000c4000000, 0x00000000c4000000, 0x00000000c4100000|  0%| F|  |TAMS 0x00000000c4000000, 0x00000000c4000000| Untracked 
|  65|0x00000000c4100000, 0x00000000c4100000, 0x00000000c4200000|  0%| F|  |TAMS 0x00000000c4100000, 0x00000000c4100000| Untracked 
|  66|0x00000000c4200000, 0x00000000c4200000, 0x00000000c4300000|  0%| F|  |TAMS 0x00000000c4200000, 0x00000000c4200000| Untracked 
|  67|0x00000000c4300000, 0x00000000c4300000, 0x00000000c4400000|  0%| F|  |TAMS 0x00000000c4300000, 0x00000000c4300000| Untracked 
|  70|0x00000000c4600000, 0x00000000c4600000, 0x00000000c4700000|  0%| F|  |TAMS 0x00000000c4600000, 0x00000000c4600000| Untracked 
|  71|0x00000000c4700000, 0x00000000c4700000, 0x00000000c4800000|  0%| F|  |TAMS 0x00000000c4700000, 0x00000000c4700000| Untracked 
|  72|0x00000000c4800000, 0x00000000c4800000, 0x00000000c4900000|  0%| F|  |TAMS 0x00000000c4800000, 0x00000000c4800000| Untracked 
|  73|0x00000000c4900000, 0x00000000c4900000, 0x00000000c4a00000|  0%| F|  |TAMS 0x00000000c4900000, 0x00000000c4900000| Untracked 
|  74|0x00000000c4a00000, 0x00000000c4a00000, 0x00000000c4b00000|  0%| F|  |TAMS 0x00000000c4a00000, 0x00000000c4a00000| Untracked 
| 111|0x00000000c6f00000, 0x00000000c6f070d0, 0x00000000c7000000|  2%| E|  |TAMS 0x00000000c6f00000, 0x00000000c6f00000| Complete 

Card table byte_map: [0x0000021b0f600000,0x0000021b0f800000] _byte_map_base: 0x0000021b0f000000

Marking Bits (Prev, Next): (CMBitMap*) 0x0000021b096a7a70, (CMBitMap*) 0x0000021b096a7ab0
 Prev Bits: [0x0000021b0fa00000, 0x0000021b10a00000)
 Next Bits: [0x0000021b10a00000, 0x0000021b11a00000)

Polling page: 0x0000021b07580000

Metaspace:

Usage:
  Non-class:     52.89 MB used.
      Class:      7.37 MB used.
       Both:     60.26 MB used.

Virtual space:
  Non-class space:       64.00 MB reserved,      53.12 MB ( 83%) committed,  1 nodes.
      Class space:        1.00 GB reserved,       7.50 MB ( <1%) committed,  1 nodes.
             Both:        1.06 GB reserved,      60.62 MB (  6%) committed. 

Chunk freelists:
   Non-Class:  10.59 MB
       Class:  8.46 MB
        Both:  19.05 MB

MaxMetaspaceSize: unlimited
CompressedClassSpaceSize: 1.00 GB
Initial GC threshold: 21.00 MB
Current GC threshold: 101.06 MB
CDS: off
MetaspaceReclaimPolicy: balanced
 - commit_granule_bytes: 65536.
 - commit_granule_words: 8192.
 - virtual_space_node_default_size: 8388608.
 - enlarge_chunks_in_place: 1.
 - new_chunks_are_fully_committed: 0.
 - uncommit_free_chunks: 1.
 - use_allocation_guard: 0.
 - handle_deallocations: 1.


Internal statistics:

num_allocs_failed_limit: 6.
num_arena_births: 714.
num_arena_deaths: 274.
num_vsnodes_births: 2.
num_vsnodes_deaths: 0.
num_space_committed: 969.
num_space_uncommitted: 0.
num_chunks_returned_to_freelist: 319.
num_chunks_taken_from_freelist: 2752.
num_chunk_merges: 107.
num_chunk_splits: 1829.
num_chunks_enlarged: 1426.
num_inconsistent_stats: 0.

CodeCache: size=49152Kb used=10893Kb max_used=11982Kb free=38258Kb
 bounds [0x0000021b0c2f0000, 0x0000021b0cf00000, 0x0000021b0f2f0000]
 total_blobs=6726 nmethods=6053 adapters=600
 compilation: enabled
              stopped_count=0, restarted_count=0
 full_count=0

Compilation events (20 events):
Event: 245382.634 Thread 0x0000021b14485af0 6047       1       ch.qos.logback.core.util.COWArrayList::refreshCopyIfNecessary (12 bytes)
Event: 245382.635 Thread 0x0000021b14485af0 nmethod 6047 0x0000021b0cd9cf90 code [0x0000021b0cd9d140, 0x0000021b0cd9d2c8]
Event: 245382.635 Thread 0x0000021b14485af0 6048       1       ch.qos.logback.classic.spi.LoggingEvent::getFormattedMessage (53 bytes)
Event: 245382.635 Thread 0x0000021b14485af0 nmethod 6048 0x0000021b0cd9ca10 code [0x0000021b0cd9cbe0, 0x0000021b0cd9ce68]
Event: 245382.635 Thread 0x0000021b14485af0 6045       1       ch.qos.logback.classic.LoggerContext::getLoggerContextRemoteView (5 bytes)
Event: 245382.635 Thread 0x0000021b14485af0 nmethod 6045 0x0000021b0cd9c710 code [0x0000021b0cd9c8a0, 0x0000021b0cd9c978]
Event: 245382.635 Thread 0x0000021b14485af0 6046       1       ch.qos.logback.classic.LoggerContext::getSequenceNumberGenerator (5 bytes)
Event: 245382.635 Thread 0x0000021b14485af0 nmethod 6046 0x0000021b0cd9c410 code [0x0000021b0cd9c5a0, 0x0000021b0cd9c678]
Event: 245382.635 Thread 0x0000021b14485af0 6049       1       ch.qos.logback.core.LayoutBase::isStarted (5 bytes)
Event: 245382.636 Thread 0x0000021b14485af0 nmethod 6049 0x0000021b0cd9c110 code [0x0000021b0cd9c2a0, 0x0000021b0cd9c378]
Event: 245382.636 Thread 0x0000021b14485af0 6050       1       ch.qos.logback.classic.spi.LoggingEvent::getTimeStamp (5 bytes)
Event: 245382.636 Thread 0x0000021b14485af0 nmethod 6050 0x0000021b0cd9be10 code [0x0000021b0cd9bfa0, 0x0000021b0cd9c078]
Event: 245382.636 Thread 0x0000021b14485af0 6051       1       ch.qos.logback.classic.spi.LoggingEvent::getLevel (5 bytes)
Event: 245382.636 Thread 0x0000021b14485af0 nmethod 6051 0x0000021b0cd9bb10 code [0x0000021b0cd9bca0, 0x0000021b0cd9bd78]
Event: 245382.636 Thread 0x0000021b14485af0 6052       1       ch.qos.logback.classic.spi.LoggingEvent::getThrowableProxy (5 bytes)
Event: 245382.636 Thread 0x0000021b14485af0 nmethod 6052 0x0000021b0cd9b810 code [0x0000021b0cd9b9a0, 0x0000021b0cd9ba78]
Event: 245414.620 Thread 0x0000021b14485af0 6053   !   1       java.util.zip.ZipFile$CleanableResource::run (251 bytes)
Event: 245414.621 Thread 0x0000021b14485af0 nmethod 6053 0x0000021b0cd9a710 code [0x0000021b0cd9a960, 0x0000021b0cd9b198]
Event: 245414.621 Thread 0x0000021b14485af0 6054   !   1       java.util.zip.ZipFile$Source::release (50 bytes)
Event: 245414.621 Thread 0x0000021b14485af0 nmethod 6054 0x0000021b0cd9a010 code [0x0000021b0cd9a1e0, 0x0000021b0cd9a488]

GC Heap History (20 events):
Event: 245312.800 GC heap before
{Heap before GC invocations=1624 (full 1605):
 garbage-first heap   total 75776K, used 38866K [0x00000000c0000000, 0x0000000100000000)
  region size 1024K, 1 young (1024K), 0 survivors (0K)
 Metaspace       used 60930K, committed 61312K, reserved 1114112K
  class space    used 7401K, committed 7552K, reserved 1048576K
}
Event: 245312.844 GC heap after
{Heap after GC invocations=1625 (full 1606):
 garbage-first heap   total 75776K, used 38866K [0x00000000c0000000, 0x0000000100000000)
  region size 1024K, 0 young (0K), 0 survivors (0K)
 Metaspace       used 60930K, committed 61312K, reserved 1114112K
  class space    used 7401K, committed 7552K, reserved 1048576K
}
Event: 245323.217 GC heap before
{Heap before GC invocations=1625 (full 1606):
 garbage-first heap   total 75776K, used 38866K [0x00000000c0000000, 0x0000000100000000)
  region size 1024K, 1 young (1024K), 0 survivors (0K)
 Metaspace       used 60930K, committed 61312K, reserved 1114112K
  class space    used 7401K, committed 7552K, reserved 1048576K
}
Event: 245323.266 GC heap after
{Heap after GC invocations=1626 (full 1607):
 garbage-first heap   total 75776K, used 38866K [0x00000000c0000000, 0x0000000100000000)
  region size 1024K, 0 young (0K), 0 survivors (0K)
 Metaspace       used 60930K, committed 61312K, reserved 1114112K
  class space    used 7401K, committed 7552K, reserved 1048576K
}
Event: 245333.625 GC heap before
{Heap before GC invocations=1626 (full 1607):
 garbage-first heap   total 75776K, used 38866K [0x00000000c0000000, 0x0000000100000000)
  region size 1024K, 1 young (1024K), 0 survivors (0K)
 Metaspace       used 60930K, committed 61312K, reserved 1114112K
  class space    used 7401K, committed 7552K, reserved 1048576K
}
Event: 245333.687 GC heap after
{Heap after GC invocations=1627 (full 1608):
 garbage-first heap   total 75776K, used 38866K [0x00000000c0000000, 0x0000000100000000)
  region size 1024K, 0 young (0K), 0 survivors (0K)
 Metaspace       used 60930K, committed 61312K, reserved 1114112K
  class space    used 7401K, committed 7552K, reserved 1048576K
}
Event: 245344.005 GC heap before
{Heap before GC invocations=1627 (full 1608):
 garbage-first heap   total 75776K, used 38866K [0x00000000c0000000, 0x0000000100000000)
  region size 1024K, 1 young (1024K), 0 survivors (0K)
 Metaspace       used 60930K, committed 61312K, reserved 1114112K
  class space    used 7401K, committed 7552K, reserved 1048576K
}
Event: 245344.049 GC heap after
{Heap after GC invocations=1628 (full 1609):
 garbage-first heap   total 75776K, used 38866K [0x00000000c0000000, 0x0000000100000000)
  region size 1024K, 0 young (0K), 0 survivors (0K)
 Metaspace       used 60930K, committed 61312K, reserved 1114112K
  class space    used 7401K, committed 7552K, reserved 1048576K
}
Event: 245352.465 GC heap before
{Heap before GC invocations=1628 (full 1609):
 garbage-first heap   total 75776K, used 56274K [0x00000000c0000000, 0x0000000100000000)
  region size 1024K, 18 young (18432K), 0 survivors (0K)
 Metaspace       used 61084K, committed 61440K, reserved 1114112K
  class space    used 7440K, committed 7616K, reserved 1048576K
}
Event: 245352.471 GC heap after
{Heap after GC invocations=1629 (full 1609):
 garbage-first heap   total 75776K, used 41378K [0x00000000c0000000, 0x0000000100000000)
  region size 1024K, 3 young (3072K), 3 survivors (3072K)
 Metaspace       used 61084K, committed 61440K, reserved 1114112K
  class space    used 7440K, committed 7616K, reserved 1048576K
}
Event: 245363.263 GC heap before
{Heap before GC invocations=1630 (full 1609):
 garbage-first heap   total 75776K, used 58786K [0x00000000c0000000, 0x0000000100000000)
  region size 1024K, 20 young (20480K), 3 survivors (3072K)
 Metaspace       used 61358K, committed 61760K, reserved 1114112K
  class space    used 7479K, committed 7616K, reserved 1048576K
}
Event: 245363.270 GC heap after
{Heap after GC invocations=1631 (full 1609):
 garbage-first heap   total 75776K, used 41238K [0x00000000c0000000, 0x0000000100000000)
  region size 1024K, 1 young (1024K), 1 survivors (1024K)
 Metaspace       used 61358K, committed 61760K, reserved 1114112K
  class space    used 7479K, committed 7616K, reserved 1048576K
}
Event: 245414.561 GC heap before
{Heap before GC invocations=1631 (full 1609):
 garbage-first heap   total 75776K, used 48406K [0x00000000c0000000, 0x0000000100000000)
  region size 1024K, 9 young (9216K), 1 survivors (1024K)
 Metaspace       used 61708K, committed 62080K, reserved 1114112K
  class space    used 7542K, committed 7680K, reserved 1048576K
}
Event: 245414.618 GC heap after
{Heap after GC invocations=1632 (full 1610):
 garbage-first heap   total 75776K, used 40954K [0x00000000c0000000, 0x0000000100000000)
  region size 1024K, 0 young (0K), 0 survivors (0K)
 Metaspace       used 61708K, committed 62080K, reserved 1114112K
  class space    used 7542K, committed 7680K, reserved 1048576K
}
Event: 245424.970 GC heap before
{Heap before GC invocations=1632 (full 1610):
 garbage-first heap   total 75776K, used 40954K [0x00000000c0000000, 0x0000000100000000)
  region size 1024K, 1 young (1024K), 0 survivors (0K)
 Metaspace       used 61709K, committed 62080K, reserved 1114112K
  class space    used 7543K, committed 7680K, reserved 1048576K
}
Event: 245425.135 GC heap after
{Heap after GC invocations=1633 (full 1611):
 garbage-first heap   total 75776K, used 39233K [0x00000000c0000000, 0x0000000100000000)
  region size 1024K, 0 young (0K), 0 survivors (0K)
 Metaspace       used 61704K, committed 62080K, reserved 1114112K
  class space    used 7542K, committed 7680K, reserved 1048576K
}
Event: 245435.509 GC heap before
{Heap before GC invocations=1633 (full 1611):
 garbage-first heap   total 75776K, used 39233K [0x00000000c0000000, 0x0000000100000000)
  region size 1024K, 1 young (1024K), 0 survivors (0K)
 Metaspace       used 61704K, committed 62080K, reserved 1114112K
  class space    used 7542K, committed 7680K, reserved 1048576K
}
Event: 245435.568 GC heap after
{Heap after GC invocations=1634 (full 1612):
 garbage-first heap   total 75776K, used 39233K [0x00000000c0000000, 0x0000000100000000)
  region size 1024K, 0 young (0K), 0 survivors (0K)
 Metaspace       used 61704K, committed 62080K, reserved 1114112K
  class space    used 7542K, committed 7680K, reserved 1048576K
}
Event: 245445.908 GC heap before
{Heap before GC invocations=1634 (full 1612):
 garbage-first heap   total 75776K, used 39233K [0x00000000c0000000, 0x0000000100000000)
  region size 1024K, 1 young (1024K), 0 survivors (0K)
 Metaspace       used 61704K, committed 62080K, reserved 1114112K
  class space    used 7542K, committed 7680K, reserved 1048576K
}
Event: 245445.974 GC heap after
{Heap after GC invocations=1635 (full 1613):
 garbage-first heap   total 75776K, used 39232K [0x00000000c0000000, 0x0000000100000000)
  region size 1024K, 0 young (0K), 0 survivors (0K)
 Metaspace       used 61704K, committed 62080K, reserved 1114112K
  class space    used 7542K, committed 7680K, reserved 1048576K
}

Dll operation events (10 events):
Event: 0.010 Loaded shared library c:\Users\EMMANUEL DEBEING\.vscode\extensions\redhat.java-1.33.0-win32-x64\jre\17.0.11-win32-x86_64\bin\java.dll
Event: 0.556 Loaded shared library C:\Users\EMMANUEL DEBEING\.vscode\extensions\redhat.java-1.33.0-win32-x64\jre\17.0.11-win32-x86_64\bin\net.dll
Event: 0.560 Loaded shared library C:\Users\EMMANUEL DEBEING\.vscode\extensions\redhat.java-1.33.0-win32-x64\jre\17.0.11-win32-x86_64\bin\nio.dll
Event: 1.790 Loaded shared library C:\Users\EMMANUEL DEBEING\.vscode\extensions\redhat.java-1.33.0-win32-x64\jre\17.0.11-win32-x86_64\bin\zip.dll
Event: 14.740 Loaded shared library C:\Users\EMMANUEL DEBEING\.vscode\extensions\redhat.java-1.33.0-win32-x64\jre\17.0.11-win32-x86_64\bin\jimage.dll
Event: 17.155 Loaded shared library c:\Users\EMMANUEL DEBEING\.vscode\extensions\redhat.java-1.33.0-win32-x64\jre\17.0.11-win32-x86_64\bin\verify.dll
Event: 23.813 Loaded shared library C:\Users\EMMANUEL DEBEING\.vscode\extensions\redhat.java-1.33.0-win32-x64\jre\17.0.11-win32-x86_64\bin\management.dll
Event: 23.823 Loaded shared library C:\Users\EMMANUEL DEBEING\.vscode\extensions\redhat.java-1.33.0-win32-x64\jre\17.0.11-win32-x86_64\bin\management_ext.dll
Event: 25.685 Loaded shared library C:\Users\EMMANUEL DEBEING\.vscode\extensions\redhat.java-1.33.0-win32-x64\jre\17.0.11-win32-x86_64\bin\sunmscapi.dll
Event: 26.163 Loaded shared library C:\Users\EMMANUEL DEBEING\.vscode\extensions\redhat.java-1.33.0-win32-x64\jre\17.0.11-win32-x86_64\bin\extnet.dll

Deoptimization events (20 events):
Event: 24.225 Thread 0x0000021b1a48b840 DEOPT PACKING pc=0x0000021b0c8cb081 sp=0x000000b3b1bfdbc0
Event: 24.225 Thread 0x0000021b1a48b840 DEOPT UNPACKING pc=0x0000021b0c347143 sp=0x000000b3b1bfd050 mode 3
Event: 24.274 Thread 0x0000021b1a0df510 DEOPT PACKING pc=0x0000021b0c8ad997 sp=0x000000b3b1cfec60
Event: 24.274 Thread 0x0000021b1a0df510 DEOPT UNPACKING pc=0x0000021b0c347143 sp=0x000000b3b1cfe0b8 mode 3
Event: 25.785 Thread 0x0000021b1a62ae40 DEOPT PACKING pc=0x0000021b0c44c50c sp=0x000000b3b29fab50
Event: 25.785 Thread 0x0000021b1a62ae40 DEOPT UNPACKING pc=0x0000021b0c347143 sp=0x000000b3b29fa018 mode 0
Event: 455.443 Thread 0x0000021b1a48b840 DEOPT PACKING pc=0x0000021b0c9a4a54 sp=0x000000b3b1bfeec0
Event: 455.444 Thread 0x0000021b1a48b840 DEOPT UNPACKING pc=0x0000021b0c347143 sp=0x000000b3b1bfe368 mode 0
Event: 245352.875 Thread 0x0000021b1a4f02d0 DEOPT PACKING pc=0x0000021b0cba9a8c sp=0x000000b3b20fe640
Event: 245352.875 Thread 0x0000021b1a4f02d0 DEOPT UNPACKING pc=0x0000021b0c347143 sp=0x000000b3b20fdba8 mode 0
Event: 245352.875 Thread 0x0000021b1a4f02d0 DEOPT PACKING pc=0x0000021b0cbbeacc sp=0x000000b3b20fe770
Event: 245352.875 Thread 0x0000021b1a4f02d0 DEOPT UNPACKING pc=0x0000021b0c347143 sp=0x000000b3b20fdc50 mode 0
Event: 245352.875 Thread 0x0000021b1a4f02d0 DEOPT PACKING pc=0x0000021b0cba9a8c sp=0x000000b3b20fe8a0
Event: 245352.875 Thread 0x0000021b1a4f02d0 DEOPT UNPACKING pc=0x0000021b0c347143 sp=0x000000b3b20fde08 mode 0
Event: 245352.875 Thread 0x0000021b1a4f02d0 DEOPT PACKING pc=0x0000021b0cbbeacc sp=0x000000b3b20fe9d0
Event: 245352.875 Thread 0x0000021b1a4f02d0 DEOPT UNPACKING pc=0x0000021b0c347143 sp=0x000000b3b20fdec8 mode 0
Event: 245352.895 Thread 0x0000021b1a4f02d0 DEOPT PACKING pc=0x0000021b0cba9a8c sp=0x000000b3b20fed40
Event: 245352.895 Thread 0x0000021b1a4f02d0 DEOPT UNPACKING pc=0x0000021b0c347143 sp=0x000000b3b20fe2a8 mode 0
Event: 245352.895 Thread 0x0000021b1a4f02d0 DEOPT PACKING pc=0x0000021b0cbbeacc sp=0x000000b3b20fee70
Event: 245352.895 Thread 0x0000021b1a4f02d0 DEOPT UNPACKING pc=0x0000021b0c347143 sp=0x000000b3b20fe368 mode 0

Classes unloaded (20 events):
Event: 244990.140 Thread 0x0000021b1443ca40 Unloading class 0x0000000100769c00 'java/lang/invoke/LambdaForm$MH+0x0000000100769c00'
Event: 244990.140 Thread 0x0000021b1443ca40 Unloading class 0x0000000100769800 'java/lang/invoke/LambdaForm$MH+0x0000000100769800'
Event: 244990.140 Thread 0x0000021b1443ca40 Unloading class 0x0000000100769400 'java/lang/invoke/LambdaForm$MH+0x0000000100769400'
Event: 244990.140 Thread 0x0000021b1443ca40 Unloading class 0x0000000100769000 'java/lang/invoke/LambdaForm$MH+0x0000000100769000'
Event: 244990.140 Thread 0x0000021b1443ca40 Unloading class 0x0000000100722800 'java/lang/invoke/LambdaForm$MH+0x0000000100722800'
Event: 244990.140 Thread 0x0000021b1443ca40 Unloading class 0x0000000100722400 'java/lang/invoke/LambdaForm$MH+0x0000000100722400'
Event: 244990.140 Thread 0x0000021b1443ca40 Unloading class 0x0000000100722000 'java/lang/invoke/LambdaForm$MH+0x0000000100722000'
Event: 244990.140 Thread 0x0000021b1443ca40 Unloading class 0x0000000100721c00 'java/lang/invoke/LambdaForm$MH+0x0000000100721c00'
Event: 244990.140 Thread 0x0000021b1443ca40 Unloading class 0x0000000100721800 'java/lang/invoke/LambdaForm$MH+0x0000000100721800'
Event: 244990.140 Thread 0x0000021b1443ca40 Unloading class 0x0000000100721400 'java/lang/invoke/LambdaForm$MH+0x0000000100721400'
Event: 244990.140 Thread 0x0000021b1443ca40 Unloading class 0x0000000100720c00 'java/lang/invoke/LambdaForm$MH+0x0000000100720c00'
Event: 244990.140 Thread 0x0000021b1443ca40 Unloading class 0x0000000100720800 'java/lang/invoke/LambdaForm$MH+0x0000000100720800'
Event: 244990.140 Thread 0x0000021b1443ca40 Unloading class 0x0000000100720400 'java/lang/invoke/LambdaForm$MH+0x0000000100720400'
Event: 244990.140 Thread 0x0000021b1443ca40 Unloading class 0x0000000100720000 'java/lang/invoke/LambdaForm$MH+0x0000000100720000'
Event: 244990.140 Thread 0x0000021b1443ca40 Unloading class 0x00000001006c4800 'java/lang/invoke/LambdaForm$MH+0x00000001006c4800'
Event: 244990.140 Thread 0x0000021b1443ca40 Unloading class 0x00000001006c4400 'java/lang/invoke/LambdaForm$MH+0x00000001006c4400'
Event: 244990.140 Thread 0x0000021b1443ca40 Unloading class 0x00000001006c4000 'java/lang/invoke/LambdaForm$MH+0x00000001006c4000'
Event: 245424.988 Thread 0x0000021b1443ca40 Unloading class 0x00000001006c4800 'java/lang/invoke/LambdaForm$MH+0x00000001006c4800'
Event: 245424.988 Thread 0x0000021b1443ca40 Unloading class 0x0000000100721400 'java/lang/invoke/LambdaForm$MH+0x0000000100721400'
Event: 245424.988 Thread 0x0000021b1443ca40 Unloading class 0x0000000100722800 'java/lang/invoke/LambdaForm$MH+0x0000000100722800'

Classes redefined (0 events):
No events

Internal exceptions (20 events):
Event: 25.490 Thread 0x0000021b1a62c280 Exception <a 'sun/nio/fs/WindowsException'{0x00000000c3700bc0}> (0x00000000c3700bc0) 
thrown [s\src\hotspot\share\prims\jni.cpp, line 516]
Event: 25.611 Thread 0x0000021b1a62ae40 Exception <a 'java/lang/NoSuchMethodError'{0x00000000c6f5efe0}: 'java.lang.Object java.lang.invoke.DirectMethodHandle$Holder.invokeStatic(java.lang.Object, java.lang.Object, int, java.lang.Object)'> (0x00000000c6f5efe0) 
thrown [s\src\hotspot\share\interpreter\linkResolver.cpp, line 759]
Event: 25.611 Thread 0x0000021b1a62ae40 Exception <a 'java/lang/NoSuchMethodError'{0x00000000c6f653c0}: 'java.lang.Object java.lang.invoke.DirectMethodHandle$Holder.newInvokeSpecial(java.lang.Object, java.lang.Object, int)'> (0x00000000c6f653c0) 
thrown [s\src\hotspot\share\interpreter\linkResolver.cpp, line 759]
Event: 25.778 Thread 0x0000021b1a62ae40 Exception <a 'sun/nio/fs/WindowsException'{0x00000000c39dad90}> (0x00000000c39dad90) 
thrown [s\src\hotspot\share\prims\jni.cpp, line 516]
Event: 25.841 Thread 0x0000021b1a62c280 Exception <a 'sun/nio/fs/WindowsException'{0x00000000c34dfae0}> (0x00000000c34dfae0) 
thrown [s\src\hotspot\share\prims\jni.cpp, line 516]
Event: 25.843 Thread 0x0000021b1a62c280 Exception <a 'sun/nio/fs/WindowsException'{0x00000000c3302278}> (0x00000000c3302278) 
thrown [s\src\hotspot\share\prims\jni.cpp, line 516]
Event: 25.844 Thread 0x0000021b1a62c280 Exception <a 'sun/nio/fs/WindowsException'{0x00000000c3302ab0}> (0x00000000c3302ab0) 
thrown [s\src\hotspot\share\prims\jni.cpp, line 516]
Event: 25.844 Thread 0x0000021b1a62c280 Exception <a 'sun/nio/fs/WindowsException'{0x00000000c3302ed0}> (0x00000000c3302ed0) 
thrown [s\src\hotspot\share\prims\jni.cpp, line 516]
Event: 25.844 Thread 0x0000021b1a62c280 Exception <a 'sun/nio/fs/WindowsException'{0x00000000c3303ea0}> (0x00000000c3303ea0) 
thrown [s\src\hotspot\share\prims\jni.cpp, line 516]
Event: 25.844 Thread 0x0000021b1a62c280 Exception <a 'sun/nio/fs/WindowsException'{0x00000000c3304308}> (0x00000000c3304308) 
thrown [s\src\hotspot\share\prims\jni.cpp, line 516]
Event: 63.837 Thread 0x0000021b19b6bd10 Exception <a 'java/lang/NoSuchMethodError'{0x00000000c4a69798}: 'void java.lang.invoke.DirectMethodHandle$Holder.invokeStatic(java.lang.Object, long)'> (0x00000000c4a69798) 
thrown [s\src\hotspot\share\interpreter\linkResolver.cpp, line 759]
Event: 63.838 Thread 0x0000021b19b6bd10 Exception <a 'java/lang/NoSuchMethodError'{0x00000000c4a6eb40}: 'java.lang.Object java.lang.invoke.DirectMethodHandle$Holder.newInvokeSpecial(java.lang.Object, long)'> (0x00000000c4a6eb40) 
thrown [s\src\hotspot\share\interpreter\linkResolver.cpp, line 759]
Event: 326.913 Thread 0x0000021b1a62dbd0 Exception <a 'java/io/IOException'{0x00000000c6f66c08}> (0x00000000c6f66c08) 
thrown [s\src\hotspot\share\prims\jni.cpp, line 516]
Event: 327.183 Thread 0x0000021b1a6280b0 Exception <a 'java/io/IOException'{0x00000000c6f715e8}> (0x00000000c6f715e8) 
thrown [s\src\hotspot\share\prims\jni.cpp, line 516]
Event: 327.601 Thread 0x0000021b1a62c790 Exception <a 'java/io/IOException'{0x00000000c6f858f0}> (0x00000000c6f858f0) 
thrown [s\src\hotspot\share\prims\jni.cpp, line 516]
Event: 244925.226 Thread 0x0000021b1a62c280 Exception <a 'java/lang/NoSuchMethodError'{0x00000000c4a937d8}: 'java.lang.Object java.lang.invoke.DirectMethodHandle$Holder.newInvokeSpecial(java.lang.Object, java.lang.Object, java.lang.Object, java.lang.Object, java.lang.Object, long)'> (0x00000000c4a937d8) 
thrown [s\src\hotspot\share\interpreter\linkResolver.cpp, line 759]
Event: 244925.233 Thread 0x0000021b1a62c280 Exception <a 'java/lang/NoSuchMethodError'{0x00000000c4a97e48}: 'java.lang.Object java.lang.invoke.DirectMethodHandle$Holder.invokeSpecial(java.lang.Object, java.lang.Object, java.lang.Object, java.lang.Object, java.lang.Object, java.lang.Object, long)'> (0x00000000c4a97e48) 
thrown [s\src\hotspot\share\interpreter\linkResolver.cpp, line 759]
Event: 244927.029 Thread 0x0000021b1a62c790 Exception <a 'java/lang/NoSuchMethodError'{0x00000000c334c5c0}: 'java.lang.Object java.lang.invoke.Invokers$Holder.invoke_MT(java.lang.Object, java.lang.Object, java.lang.Object)'> (0x00000000c334c5c0) 
thrown [s\src\hotspot\share\interpreter\linkResolver.cpp, line 759]
Event: 244938.560 Thread 0x0000021b1a62c790 Exception <a 'java/lang/IncompatibleClassChangeError'{0x00000000c4a22ea0}: Found class java.lang.Object, but interface was expected> (0x00000000c4a22ea0) 
thrown [s\src\hotspot\share\interpreter\linkResolver.cpp, line 826]
Event: 244938.649 Thread 0x0000021b1a62c790 Exception <a 'java/lang/NoSuchMethodError'{0x00000000c3bcb2a0}: 'int java.lang.invoke.DirectMethodHandle$Holder.invokeSpecialIFC(java.lang.Object, java.lang.Object, java.lang.Object)'> (0x00000000c3bcb2a0) 
thrown [s\src\hotspot\share\interpreter\linkResolver.cpp, line 759]

VM Operations (20 events):
Event: 245363.270 Executing VM operation: G1CollectForAllocation done
Event: 245364.280 Executing VM operation: Cleanup
Event: 245364.280 Executing VM operation: Cleanup done
Event: 245372.331 Executing VM operation: Cleanup
Event: 245372.331 Executing VM operation: Cleanup done
Event: 245373.333 Executing VM operation: Cleanup
Event: 245373.333 Executing VM operation: Cleanup done
Event: 245374.347 Executing VM operation: Cleanup
Event: 245374.347 Executing VM operation: Cleanup done
Event: 245404.634 Executing VM operation: HandshakeAllThreads
Event: 245404.635 Executing VM operation: HandshakeAllThreads done
Event: 245414.560 Executing VM operation: G1CollectFull
Event: 245414.619 Executing VM operation: G1CollectFull done
Event: 245424.970 Executing VM operation: G1CollectFull
Event: 245425.135 Executing VM operation: G1CollectFull done
Event: 245435.509 Executing VM operation: G1CollectFull
Event: 245435.568 Executing VM operation: G1CollectFull done
Event: 245445.907 Executing VM operation: G1CollectFull
Event: 245445.974 Executing VM operation: G1CollectFull done
Event: 245456.024 Executing VM operation: G1CollectFull

Events (20 events):
Event: 245371.710 loading class org/w3c/dom/Entity done
Event: 245371.760 loading class org/w3c/dom/NodeList
Event: 245371.761 loading class org/w3c/dom/NodeList done
Event: 245371.761 loading class org/w3c/dom/NamedNodeMap
Event: 245371.761 Thread 0x0000021b1a62c790 Thread added: 0x0000021b1a62c790
Event: 245371.761 loading class org/w3c/dom/NamedNodeMap done
Event: 245371.761 Thread 0x0000021b1a62bd70 Thread added: 0x0000021b1a62bd70
Event: 245371.767 loading class org/w3c/dom/Attr
Event: 245371.767 loading class org/w3c/dom/Attr done
Event: 245371.794 Thread 0x0000021b1aad11d0 Thread added: 0x0000021b1aad11d0
Event: 245371.794 Thread 0x0000021b1aacdcb0 Thread added: 0x0000021b1aacdcb0
Event: 245372.705 Thread 0x0000021b1aacdcb0 Thread exited: 0x0000021b1aacdcb0
Event: 245373.790 Thread 0x0000021b1aad11d0 Thread exited: 0x0000021b1aad11d0
Event: 245412.309 Thread 0x0000021b1a62eb00 Thread exited: 0x0000021b1a62eb00
Event: 245423.316 Thread 0x0000021b1a62a930 Thread exited: 0x0000021b1a62a930
Event: 245431.775 Thread 0x0000021b1a62bd70 Thread exited: 0x0000021b1a62bd70
Event: 245431.775 Thread 0x0000021b1a62c790 Thread exited: 0x0000021b1a62c790
Event: 245438.632 Thread 0x0000021b1a62cca0 Thread exited: 0x0000021b1a62cca0
Event: 245441.790 Thread 0x0000021b1a62b860 Thread exited: 0x0000021b1a62b860
Event: 245442.637 Thread 0x0000021b1a62f520 Thread exited: 0x0000021b1a62f520


Dynamic libraries:
0x00007ff6bfe70000 - 0x00007ff6bfe7e000 	c:\Users\EMMANUEL DEBEING\.vscode\extensions\redhat.java-1.33.0-win32-x64\jre\17.0.11-win32-x86_64\bin\java.exe
0x00007ffd896b0000 - 0x00007ffd898c7000 	C:\WINDOWS\SYSTEM32\ntdll.dll
0x00007ffd88860000 - 0x00007ffd88924000 	C:\WINDOWS\System32\KERNEL32.DLL
0x00007ffd87030000 - 0x00007ffd873dd000 	C:\WINDOWS\System32\KERNELBASE.dll
0x00007ffd86dc0000 - 0x00007ffd86ed1000 	C:\WINDOWS\System32\ucrtbase.dll
0x00007ffd7fa10000 - 0x00007ffd7fa27000 	c:\Users\EMMANUEL DEBEING\.vscode\extensions\redhat.java-1.33.0-win32-x64\jre\17.0.11-win32-x86_64\bin\jli.dll
0x00007ffd7f740000 - 0x00007ffd7f75b000 	c:\Users\EMMANUEL DEBEING\.vscode\extensions\redhat.java-1.33.0-win32-x64\jre\17.0.11-win32-x86_64\bin\VCRUNTIME140.dll
0x00007ffd89470000 - 0x00007ffd8961e000 	C:\WINDOWS\System32\USER32.dll
0x00007ffd87000000 - 0x00007ffd87026000 	C:\WINDOWS\System32\win32u.dll
0x00007ffd692b0000 - 0x00007ffd69543000 	C:\WINDOWS\WinSxS\amd64_microsoft.windows.common-controls_6595b64144ccf1df_6.0.22621.3672_none_2713b9d173822955\COMCTL32.dll
0x00007ffd87770000 - 0x00007ffd87799000 	C:\WINDOWS\System32\GDI32.dll
0x00007ffd88930000 - 0x00007ffd889d7000 	C:\WINDOWS\System32\msvcrt.dll
0x00007ffd86ee0000 - 0x00007ffd86ff9000 	C:\WINDOWS\System32\gdi32full.dll
0x00007ffd86c00000 - 0x00007ffd86c9a000 	C:\WINDOWS\System32\msvcp_win.dll
0x00007ffd890d0000 - 0x00007ffd89101000 	C:\WINDOWS\System32\IMM32.DLL
0x00007ffd7fb30000 - 0x00007ffd7fb3c000 	c:\Users\EMMANUEL DEBEING\.vscode\extensions\redhat.java-1.33.0-win32-x64\jre\17.0.11-win32-x86_64\bin\vcruntime140_1.dll
0x00007ffd5be50000 - 0x00007ffd5bedd000 	c:\Users\EMMANUEL DEBEING\.vscode\extensions\redhat.java-1.33.0-win32-x64\jre\17.0.11-win32-x86_64\bin\msvcp140.dll
0x00007ffd29af0000 - 0x00007ffd2a752000 	c:\Users\EMMANUEL DEBEING\.vscode\extensions\redhat.java-1.33.0-win32-x64\jre\17.0.11-win32-x86_64\bin\server\jvm.dll
0x00007ffd89010000 - 0x00007ffd890c2000 	C:\WINDOWS\System32\ADVAPI32.dll
0x00007ffd879b0000 - 0x00007ffd87a59000 	C:\WINDOWS\System32\sechost.dll
0x00007ffd86d90000 - 0x00007ffd86db8000 	C:\WINDOWS\System32\bcrypt.dll
0x00007ffd87890000 - 0x00007ffd879a4000 	C:\WINDOWS\System32\RPCRT4.dll
0x00007ffd68ca0000 - 0x00007ffd68ca9000 	C:\WINDOWS\SYSTEM32\WSOCK32.dll
0x00007ffd86890000 - 0x00007ffd868dd000 	C:\WINDOWS\SYSTEM32\POWRPROF.dll
0x00007ffd83830000 - 0x00007ffd83864000 	C:\WINDOWS\SYSTEM32\WINMM.dll
0x00007ffd7dd80000 - 0x00007ffd7dd8a000 	C:\WINDOWS\SYSTEM32\VERSION.dll
0x00007ffd88380000 - 0x00007ffd883f1000 	C:\WINDOWS\System32\WS2_32.dll
0x00007ffd86870000 - 0x00007ffd86883000 	C:\WINDOWS\SYSTEM32\UMPDC.dll
0x00007ffd85a00000 - 0x00007ffd85a18000 	C:\WINDOWS\SYSTEM32\kernel.appcore.dll
0x00007ffd7fa60000 - 0x00007ffd7fa6a000 	c:\Users\EMMANUEL DEBEING\.vscode\extensions\redhat.java-1.33.0-win32-x64\jre\17.0.11-win32-x86_64\bin\jimage.dll
0x00007ffd84240000 - 0x00007ffd84472000 	C:\WINDOWS\SYSTEM32\DBGHELP.DLL
0x00007ffd873e0000 - 0x00007ffd8776d000 	C:\WINDOWS\System32\combase.dll
0x00007ffd89390000 - 0x00007ffd89467000 	C:\WINDOWS\System32\OLEAUT32.dll
0x00007ffd7f7f0000 - 0x00007ffd7f822000 	C:\WINDOWS\SYSTEM32\dbgcore.DLL
0x00007ffd86ca0000 - 0x00007ffd86d1b000 	C:\WINDOWS\System32\bcryptPrimitives.dll
0x00007ffd73690000 - 0x00007ffd736b5000 	c:\Users\EMMANUEL DEBEING\.vscode\extensions\redhat.java-1.33.0-win32-x64\jre\17.0.11-win32-x86_64\bin\java.dll
0x00007ffd7f120000 - 0x00007ffd7f138000 	c:\Users\EMMANUEL DEBEING\.vscode\extensions\redhat.java-1.33.0-win32-x64\jre\17.0.11-win32-x86_64\bin\zip.dll
0x00007ffd87b10000 - 0x00007ffd88377000 	C:\WINDOWS\System32\SHELL32.dll
0x00007ffd84920000 - 0x00007ffd8521e000 	C:\WINDOWS\SYSTEM32\windows.storage.dll
0x00007ffd847e0000 - 0x00007ffd8491f000 	C:\WINDOWS\SYSTEM32\wintypes.dll
0x00007ffd889e0000 - 0x00007ffd88ad9000 	C:\WINDOWS\System32\SHCORE.dll
0x00007ffd88650000 - 0x00007ffd886ae000 	C:\WINDOWS\System32\shlwapi.dll
0x00007ffd86900000 - 0x00007ffd86921000 	C:\WINDOWS\SYSTEM32\profapi.dll
0x00007ffd7e050000 - 0x00007ffd7e069000 	C:\Users\EMMANUEL DEBEING\.vscode\extensions\redhat.java-1.33.0-win32-x64\jre\17.0.11-win32-x86_64\bin\net.dll
0x00007ffd80410000 - 0x00007ffd80546000 	C:\WINDOWS\SYSTEM32\WINHTTP.dll
0x00007ffd85e70000 - 0x00007ffd85ed9000 	C:\WINDOWS\system32\mswsock.dll
0x00007ffd7df60000 - 0x00007ffd7df76000 	C:\Users\EMMANUEL DEBEING\.vscode\extensions\redhat.java-1.33.0-win32-x64\jre\17.0.11-win32-x86_64\bin\nio.dll
0x00007ffd7e890000 - 0x00007ffd7e8a0000 	c:\Users\EMMANUEL DEBEING\.vscode\extensions\redhat.java-1.33.0-win32-x64\jre\17.0.11-win32-x86_64\bin\verify.dll
0x00007ffd860d0000 - 0x00007ffd860eb000 	C:\WINDOWS\SYSTEM32\CRYPTSP.dll
0x00007ffd85960000 - 0x00007ffd85995000 	C:\WINDOWS\system32\rsaenh.dll
0x00007ffd85f70000 - 0x00007ffd85f98000 	C:\WINDOWS\SYSTEM32\USERENV.dll
0x00007ffd860f0000 - 0x00007ffd860fc000 	C:\WINDOWS\SYSTEM32\CRYPTBASE.dll
0x00007ffd85480000 - 0x00007ffd854ad000 	C:\WINDOWS\SYSTEM32\IPHLPAPI.DLL
0x00007ffd885e0000 - 0x00007ffd885e9000 	C:\WINDOWS\System32\NSI.dll
0x00007ffd80d10000 - 0x00007ffd80d29000 	C:\WINDOWS\SYSTEM32\dhcpcsvc6.DLL
0x00007ffd80310000 - 0x00007ffd8032f000 	C:\WINDOWS\SYSTEM32\dhcpcsvc.DLL
0x00007ffd854f0000 - 0x00007ffd855e8000 	C:\WINDOWS\SYSTEM32\DNSAPI.dll
0x00007ffd7fa80000 - 0x00007ffd7fa89000 	C:\Users\EMMANUEL DEBEING\.vscode\extensions\redhat.java-1.33.0-win32-x64\jre\17.0.11-win32-x86_64\bin\management.dll
0x00007ffd7fa70000 - 0x00007ffd7fa7b000 	C:\Users\EMMANUEL DEBEING\.vscode\extensions\redhat.java-1.33.0-win32-x64\jre\17.0.11-win32-x86_64\bin\management_ext.dll
0x00007ffd89220000 - 0x00007ffd89228000 	C:\WINDOWS\System32\PSAPI.DLL
0x00007ffd6f0d0000 - 0x00007ffd6f0de000 	C:\Users\EMMANUEL DEBEING\.vscode\extensions\redhat.java-1.33.0-win32-x64\jre\17.0.11-win32-x86_64\bin\sunmscapi.dll
0x00007ffd869d0000 - 0x00007ffd86b37000 	C:\WINDOWS\System32\CRYPT32.dll
0x00007ffd86290000 - 0x00007ffd862be000 	C:\WINDOWS\SYSTEM32\ncrypt.dll
0x00007ffd86250000 - 0x00007ffd86287000 	C:\WINDOWS\SYSTEM32\NTASN1.dll
0x00007ffd7eb60000 - 0x00007ffd7eb6a000 	C:\Windows\System32\rasadhlp.dll
0x00007ffd7fd20000 - 0x00007ffd7fda3000 	C:\WINDOWS\System32\fwpuclnt.dll
0x00007ffd6e240000 - 0x00007ffd6e249000 	C:\Users\EMMANUEL DEBEING\.vscode\extensions\redhat.java-1.33.0-win32-x64\jre\17.0.11-win32-x86_64\bin\extnet.dll

dbghelp: loaded successfully - version: 4.0.5 - missing functions: none
symbol engine: initialized successfully - sym options: 0x614 - pdb path: .;c:\Users\EMMANUEL DEBEING\.vscode\extensions\redhat.java-1.33.0-win32-x64\jre\17.0.11-win32-x86_64\bin;C:\WINDOWS\SYSTEM32;C:\WINDOWS\WinSxS\amd64_microsoft.windows.common-controls_6595b64144ccf1df_6.0.22621.3672_none_2713b9d173822955;c:\Users\EMMANUEL DEBEING\.vscode\extensions\redhat.java-1.33.0-win32-x64\jre\17.0.11-win32-x86_64\bin\server

VM Arguments:
jvm_args: -Xmx1024m -Dsts.lsp.client=vscode -Dsts.log.file=/dev/null -XX:TieredStopAtLevel=1 -Xlog:jni+resolve=off -Dspring.config.location=file:c:\Users\EMMANUEL DEBEING\.vscode\extensions\vmware.vscode-spring-boot-1.56.0\language-server\BOOT-INF\classes\application.properties 
java_command: org.springframework.ide.vscode.boot.app.BootLanguageServerBootApp
java_class_path (initial): c:\Users\EMMANUEL DEBEING\.vscode\extensions\vmware.vscode-spring-boot-1.56.0\language-server\BOOT-INF\classes;c:\Users\EMMANUEL DEBEING\.vscode\extensions\vmware.vscode-spring-boot-1.56.0\language-server\BOOT-INF\lib\annotations-24.1.0.jar;c:\Users\EMMANUEL DEBEING\.vscode\extensions\vmware.vscode-spring-boot-1.56.0\language-server\BOOT-INF\lib\antlr4-runtime-4.13.1.jar;c:\Users\EMMANUEL DEBEING\.vscode\extensions\vmware.vscode-spring-boot-1.56.0\language-server\BOOT-INF\lib\asm-9.7.jar;c:\Users\EMMANUEL DEBEING\.vscode\extensions\vmware.vscode-spring-boot-1.56.0\language-server\BOOT-INF\lib\asm-analysis-9.7.jar;c:\Users\EMMANUEL DEBEING\.vscode\extensions\vmware.vscode-spring-boot-1.56.0\language-server\BOOT-INF\lib\asm-tree-9.7.jar;c:\Users\EMMANUEL DEBEING\.vscode\extensions\vmware.vscode-spring-boot-1.56.0\language-server\BOOT-INF\lib\asm-util-9.7.jar;c:\Users\EMMANUEL DEBEING\.vscode\extensions\vmware.vscode-spring-boot-1.56.0\language-server\BOOT-INF\lib\caffeine-3.1.8.jar;c:\Users\EMMANUEL DEBEING\.vscode\extensions\vmware.vscode-spring-boot-1.56.0\language-server\BOOT-INF\lib\checker-qual-3.12.0.jar;c:\Users\EMMANUEL DEBEING\.vscode\extensions\vmware.vscode-spring-boot-1.56.0\language-server\BOOT-INF\lib\classgraph-4.8.149.jar;c:\Users\EMMANUEL DEBEING\.vscode\extensions\vmware.vscode-spring-boot-1.56.0\language-server\BOOT-INF\lib\commons-codec-1.16.1.jar;c:\Users\EMMANUEL DEBEING\.vscode\extensions\vmware.vscode-spring-boot-1.56.0\language-server\BOOT-INF\lib\commons-compress-1.26.2.jar;c:\Users\EMMANUEL DEBEING\.vscode\extensions\vmware.vscode-spring-boot-1.56.0\language-server\BOOT-INF\lib\commons-io-2.16.1.jar;c:\Users\EMMANUEL DEBEING\.vscode\extensions\vmware.vscode-spring-boot-1.56.0\language-server\BOOT-INF\lib\commons-java-1.56.0-SNAPSHOT.jar;c:\Users\EMMANUEL DEBEING\.vscode\extensions\vmware.vscode-spring-boot-1.56.0\language-server\BOOT-INF\lib\commons-lang3-3.14.0.jar;c:\Users\EMMANUEL DEBEING\.vscode\extensions\vm
Launcher Type: SUN_STANDARD

[Global flags]
     intx CICompilerCount                          = 4                                         {product} {ergonomic}
     uint ConcGCThreads                            = 2                                         {product} {ergonomic}
     uint G1ConcRefinementThreads                  = 8                                         {product} {ergonomic}
   size_t G1HeapRegionSize                         = 1048576                                   {product} {ergonomic}
    uintx GCDrainStackTargetSize                   = 64                                        {product} {ergonomic}
   size_t InitialHeapSize                          = 117440512                                 {product} {ergonomic}
   size_t MarkStackSize                            = 4194304                                   {product} {ergonomic}
   size_t MaxHeapSize                              = 1073741824                                {product} {command line}
   size_t MaxNewSize                               = 643825664                                 {product} {ergonomic}
   size_t MinHeapDeltaBytes                        = 1048576                                   {product} {ergonomic}
   size_t MinHeapSize                              = 8388608                                   {product} {ergonomic}
    uintx NonProfiledCodeHeapSize                  = 0                                      {pd product} {ergonomic}
     bool ProfileInterpreter                       = false                                  {pd product} {command line}
    uintx ProfiledCodeHeapSize                     = 0                                      {pd product} {ergonomic}
   size_t SoftMaxHeapSize                          = 1073741824                             {manageable} {ergonomic}
     intx TieredStopAtLevel                        = 1                                         {product} {command line}
     bool UseCompressedClassPointers               = true                           {product lp64_product} {ergonomic}
     bool UseCompressedOops                        = true                           {product lp64_product} {ergonomic}
     bool UseG1GC                                  = true                                      {product} {ergonomic}
     bool UseLargePagesIndividualAllocation        = false                                  {pd product} {ergonomic}

Logging:
Log output configuration:
 #0: stdout all=warning,jni+resolve=off uptime,level,tags
 #1: stderr all=off uptime,level,tags

Environment Variables:
PATH=C:\Program Files\Common Files\Oracle\Java\javapath;C:\WINDOWS\system32;C:\WINDOWS;C:\WINDOWS\System32\Wbem;C:\WINDOWS\System32\WindowsPowerShell\v1.0\;C:\WINDOWS\System32\OpenSSH\;c:\Users\EMMANUEL DEBEING\AppData\Local\Programs\cursor\resources\app\bin;C:\Program Files\Docker\Docker\resources\bin;C:\Program Files\Git\cmd;C:\Program Files\nodejs\;C:\Program Files (x86)\apache-maven-3.9.8\bin;C:\Users\EMMANUEL DEBEING\AppData\Local\Programs\Python\Python312\Scripts\;C:\Users\EMMANUEL DEBEING\AppData\Local\Programs\Python\Python312\;C:\Users\EMMANUEL DEBEING\AppData\Local\Microsoft\WindowsApps;C:\Users\EMMANUEL DEBEING\AppData\Local\Programs\Microsoft VS Code\bin;C:\Users\EMMANUEL DEBEING\AppData\Roaming\npm
USERNAME=EMMANUEL DEBEING
OS=Windows_NT
PROCESSOR_IDENTIFIER=AMD64 Family 23 Model 24 Stepping 1, AuthenticAMD
TMP=C:\Users\EMMANU~1\AppData\Local\Temp
TEMP=C:\Users\EMMANU~1\AppData\Local\Temp



Periodic native trim disabled


---------------  S Y S T E M  ---------------

OS:
 Windows 11 , 64 bit Build 22621 (10.0.22621.3958)
OS uptime: 9 days 19:08 hours

CPU: total 8 (initial active 8) (8 cores per cpu, 2 threads per core) family 23 model 24 stepping 1 microcode 0x0, cx8, cmov, fxsr, ht, mmx, 3dnowpref, sse, sse2, sse3, ssse3, sse4a, sse4.1, sse4.2, popcnt, lzcnt, tsc, tscinvbit, avx, avx2, aes, clmul, bmi1, bmi2, adx, sha, fma, vzeroupper, clflush, clflushopt
Processor Information for all 8 processors :
  Max Mhz: 2100, Current Mhz: 2100, Mhz Limit: 2100

Memory: 4k page, system-wide physical 7103M (625M free)
TotalPageFile size 22463M (AvailPageFile size 4M)
current process WorkingSet (physical memory assigned to process): 153M, peak: 192M
current process commit charge ("private bytes"): 248M, peak: 259M

vm_info: OpenJDK 64-Bit Server VM (17.0.11+9) for windows-amd64 JRE (17.0.11+9), built on Apr 17 2024 06:07:48 by "admin" with MS VC++ 16.10 / 16.11 (VS2019)

END.
