#
# There is insufficient memory for the Java Runtime Environment to continue.
# Native memory allocation (mmap) failed to map 117440512 bytes for G1 virtual space
# Possible reasons:
#   The system is out of physical RAM or swap space
#   The process is running with CompressedOops enabled, and the Java Heap may be blocking the growth of the native heap
# Possible solutions:
#   Reduce memory load on the system
#   Increase physical memory or swap space
#   Check if swap backing store is full
#   Decrease Java heap size (-Xmx/-Xms)
#   Decrease number of Java threads
#   Decrease Java thread stack sizes (-Xss)
#   Set larger code cache with -XX:ReservedCodeCacheSize=
#   JVM is running with Unscaled Compressed Oops mode in which the Java heap is
#     placed in the first 4GB address space. The Java Heap base address is the
#     maximum limit for the native heap growth. Please use -XX:HeapBaseMinAddress
#     to set the Java Heap base and to place the Java Heap above 4GB virtual address.
# This output file may be truncated or incomplete.
#
#  Out of Memory Error (os_windows.cpp:3600), pid=8716, tid=28400
#
# JRE version:  (21.0.4+8) (build )
# Java VM: Java HotSpot(TM) 64-Bit Server VM (21.0.4+8-LTS-274, mixed mode, sharing, tiered, compressed oops, compressed class ptrs, g1 gc, windows-amd64)
# No core dump will be written. Minidumps are not enabled by default on client versions of Windows
#

---------------  S U M M A R Y ------------

Command Line: -Dclassworlds.conf=C:\Program Files (x86)\apache-maven-3.9.8\bin\m2.conf -Dmaven.home=C:\Program Files (x86)\apache-maven-3.9.8 -Dlibrary.jansi.path=C:\Program Files (x86)\apache-maven-3.9.8\lib\jansi-native -Dmaven.multiModuleProjectDirectory=c:\Users\EMMANUEL DEBEING\Documents\SNDI_Project\E-permission org.codehaus.plexus.classworlds.launcher.Launcher --version

Host: AMD Ryzen 5 3500U with Radeon Vega Mobile Gfx  , 8 cores, 6G,  Windows 11 , 64 bit Build 22621 (10.0.22621.3958)
Time: Mon Aug  5 14:27:02 2024 Temps universel coordonné elapsed time: 0.041652 seconds (0d 0h 0m 0s)

---------------  T H R E A D  ---------------

Current thread (0x000001da28c8f160):  JavaThread "Unknown thread" [_thread_in_vm, id=28400, stack(0x0000004fdd700000,0x0000004fdd800000) (1024K)]

Stack: [0x0000004fdd700000,0x0000004fdd800000]
Native frames: (J=compiled Java code, j=interpreted, Vv=VM code, C=native code)
V  [jvm.dll+0x6c8e59]
V  [jvm.dll+0x853181]
V  [jvm.dll+0x8556ae]
V  [jvm.dll+0x855d83]
V  [jvm.dll+0x27d526]
V  [jvm.dll+0x6c55f5]
V  [jvm.dll+0x6ba17a]
V  [jvm.dll+0x352a8a]
V  [jvm.dll+0x35a6e6]
V  [jvm.dll+0x3acdae]
V  [jvm.dll+0x3ad058]
V  [jvm.dll+0x326dec]
V  [jvm.dll+0x32794b]
V  [jvm.dll+0x81c569]
V  [jvm.dll+0x3b9a11]
V  [jvm.dll+0x805948]
V  [jvm.dll+0x44ec5e]
V  [jvm.dll+0x450851]
C  [jli.dll+0x52a3]
C  [ucrtbase.dll+0x29333]
C  [KERNEL32.DLL+0x1257d]
C  [ntdll.dll+0x5af28]


---------------  P R O C E S S  ---------------

Threads class SMR info:
_java_thread_list=0x00007ffcd0976c08, length=0, elements={
}

Java Threads: ( => current thread )
Total: 0

Other Threads:
  0x000001da2aef9dd0 WorkerThread "GC Thread#0"                     [id=26388, stack(0x0000004fdd800000,0x0000004fdd900000) (1024K)]
  0x000001da2af08ac0 ConcurrentGCThread "G1 Main Marker"            [id=7728, stack(0x0000004fdd900000,0x0000004fdda00000) (1024K)]
  0x000001da2af09680 WorkerThread "G1 Conc#0"                       [id=17412, stack(0x0000004fdda00000,0x0000004fddb00000) (1024K)]

[error occurred during error reporting (printing all threads), id 0xc0000005, EXCEPTION_ACCESS_VIOLATION (0xc0000005) at pc=0x00007ffcd00e9577]
VM state: not at safepoint (not fully initialized)

VM Mutex/Monitor currently owned by a thread:  ([mutex/lock_event])
[0x00007ffcd09e7f98] Heap_lock - owner thread: 0x000001da28c8f160

Heap address: 0x0000000091000000, size: 1776 MB, Compressed Oops mode: 32-bit

CDS archive(s) mapped at: [0x0000000000000000-0x0000000000000000-0x0000000000000000), size 0, SharedBaseAddress: 0x0000000800000000, ArchiveRelocationMode: 1.
Narrow klass base: 0x0000000000000000, Narrow klass shift: 0, Narrow klass range: 0x0

GC Precious Log:
 CardTable entry size: 512
 Card Set container configuration: InlinePtr #cards 5 size 8 Array Of Cards #cards 12 size 40 Howl #buckets 4 coarsen threshold 1843 Howl Bitmap #cards 512 size 80 coarsen threshold 460 Card regions per heap region 1 cards per card region 2048

Heap:
 garbage-first heap   total 0K, used 0K [0x0000000091000000, 0x0000000100000000)
  region size 1024K, 0 young (0K), 0 survivors (0K)

[error occurred during error reporting (printing heap information), id 0xc0000005, EXCEPTION_ACCESS_VIOLATION (0xc0000005) at pc=0x00007ffcd04d1df9]
GC Heap History (0 events):
No events

Dll operation events (1 events):
Event: 0.026 Loaded shared library C:\Program Files\Java\jdk-21\bin\java.dll

Deoptimization events (0 events):
No events

Classes loaded (0 events):
No events

Classes unloaded (0 events):
No events

Classes redefined (0 events):
No events

Internal exceptions (0 events):
No events

ZGC Phase Switch (0 events):
No events

VM Operations (0 events):
No events

Events (0 events):
No events


Dynamic libraries:
0x00007ff74e5d0000 - 0x00007ff74e5e0000 	C:\Program Files\Java\jdk-21\bin\java.exe
0x00007ffd896b0000 - 0x00007ffd898c7000 	C:\WINDOWS\SYSTEM32\ntdll.dll
0x00007ffd88860000 - 0x00007ffd88924000 	C:\WINDOWS\System32\KERNEL32.DLL
0x00007ffd87030000 - 0x00007ffd873dd000 	C:\WINDOWS\System32\KERNELBASE.dll
0x00007ffd86dc0000 - 0x00007ffd86ed1000 	C:\WINDOWS\System32\ucrtbase.dll
0x00007ffd73210000 - 0x00007ffd7322b000 	C:\Program Files\Java\jdk-21\bin\VCRUNTIME140.dll
0x00007ffd78c90000 - 0x00007ffd78ca9000 	C:\Program Files\Java\jdk-21\bin\jli.dll
0x00007ffd89010000 - 0x00007ffd890c2000 	C:\WINDOWS\System32\ADVAPI32.dll
0x00007ffd88930000 - 0x00007ffd889d7000 	C:\WINDOWS\System32\msvcrt.dll
0x00007ffd879b0000 - 0x00007ffd87a59000 	C:\WINDOWS\System32\sechost.dll
0x00007ffd86d90000 - 0x00007ffd86db8000 	C:\WINDOWS\System32\bcrypt.dll
0x00007ffd87890000 - 0x00007ffd879a4000 	C:\WINDOWS\System32\RPCRT4.dll
0x00007ffd89470000 - 0x00007ffd8961e000 	C:\WINDOWS\System32\USER32.dll
0x00007ffd87000000 - 0x00007ffd87026000 	C:\WINDOWS\System32\win32u.dll
0x00007ffd87770000 - 0x00007ffd87799000 	C:\WINDOWS\System32\GDI32.dll
0x00007ffd86ee0000 - 0x00007ffd86ff9000 	C:\WINDOWS\System32\gdi32full.dll
0x00007ffd692b0000 - 0x00007ffd69543000 	C:\WINDOWS\WinSxS\amd64_microsoft.windows.common-controls_6595b64144ccf1df_6.0.22621.3672_none_2713b9d173822955\COMCTL32.dll
0x00007ffd86c00000 - 0x00007ffd86c9a000 	C:\WINDOWS\System32\msvcp_win.dll
0x00007ffd7dd80000 - 0x00007ffd7dd8a000 	C:\WINDOWS\SYSTEM32\VERSION.dll
0x00007ffd890d0000 - 0x00007ffd89101000 	C:\WINDOWS\System32\IMM32.DLL
0x00007ffd7e390000 - 0x00007ffd7e39c000 	C:\Program Files\Java\jdk-21\bin\vcruntime140_1.dll
0x00007ffd5b7b0000 - 0x00007ffd5b83e000 	C:\Program Files\Java\jdk-21\bin\msvcp140.dll
0x00007ffccfdb0000 - 0x00007ffcd0ac3000 	C:\Program Files\Java\jdk-21\bin\server\jvm.dll
0x00007ffd88380000 - 0x00007ffd883f1000 	C:\WINDOWS\System32\WS2_32.dll
0x00007ffd86890000 - 0x00007ffd868dd000 	C:\WINDOWS\SYSTEM32\POWRPROF.dll
0x00007ffd83830000 - 0x00007ffd83864000 	C:\WINDOWS\SYSTEM32\WINMM.dll
0x00007ffd86870000 - 0x00007ffd86883000 	C:\WINDOWS\SYSTEM32\UMPDC.dll
0x00007ffd85a00000 - 0x00007ffd85a18000 	C:\WINDOWS\SYSTEM32\kernel.appcore.dll
0x00007ffd7dcf0000 - 0x00007ffd7dcfa000 	C:\Program Files\Java\jdk-21\bin\jimage.dll
0x00007ffd84240000 - 0x00007ffd84472000 	C:\WINDOWS\SYSTEM32\DBGHELP.DLL
0x00007ffd873e0000 - 0x00007ffd8776d000 	C:\WINDOWS\System32\combase.dll
0x00007ffd89390000 - 0x00007ffd89467000 	C:\WINDOWS\System32\OLEAUT32.dll
0x00007ffd7f7f0000 - 0x00007ffd7f822000 	C:\WINDOWS\SYSTEM32\dbgcore.DLL
0x00007ffd86ca0000 - 0x00007ffd86d1b000 	C:\WINDOWS\System32\bcryptPrimitives.dll
0x00007ffd6f100000 - 0x00007ffd6f11f000 	C:\Program Files\Java\jdk-21\bin\java.dll

dbghelp: loaded successfully - version: 4.0.5 - missing functions: none
symbol engine: initialized successfully - sym options: 0x614 - pdb path: .;C:\Program Files\Java\jdk-21\bin;C:\WINDOWS\SYSTEM32;C:\WINDOWS\WinSxS\amd64_microsoft.windows.common-controls_6595b64144ccf1df_6.0.22621.3672_none_2713b9d173822955;C:\Program Files\Java\jdk-21\bin\server

VM Arguments:
jvm_args: -Dclassworlds.conf=C:\Program Files (x86)\apache-maven-3.9.8\bin\m2.conf -Dmaven.home=C:\Program Files (x86)\apache-maven-3.9.8 -Dlibrary.jansi.path=C:\Program Files (x86)\apache-maven-3.9.8\lib\jansi-native -Dmaven.multiModuleProjectDirectory=c:\Users\EMMANUEL DEBEING\Documents\SNDI_Project\E-permission 
java_command: org.codehaus.plexus.classworlds.launcher.Launcher --version
java_class_path (initial): C:\Program Files (x86)\apache-maven-3.9.8\boot\plexus-classworlds-2.8.0.jar
Launcher Type: SUN_STANDARD

[Global flags]
     intx CICompilerCount                          = 4                                         {product} {ergonomic}
     uint ConcGCThreads                            = 2                                         {product} {ergonomic}
     uint G1ConcRefinementThreads                  = 8                                         {product} {ergonomic}
   size_t G1HeapRegionSize                         = 1048576                                   {product} {ergonomic}
    uintx GCDrainStackTargetSize                   = 64                                        {product} {ergonomic}
   size_t InitialHeapSize                          = 117440512                                 {product} {ergonomic}
   size_t MarkStackSize                            = 4194304                                   {product} {ergonomic}
   size_t MaxHeapSize                              = 1862270976                                {product} {ergonomic}
   size_t MinHeapDeltaBytes                        = 1048576                                   {product} {ergonomic}
   size_t MinHeapSize                              = 8388608                                   {product} {ergonomic}
    uintx NonNMethodCodeHeapSize                   = 5839372                                {pd product} {ergonomic}
    uintx NonProfiledCodeHeapSize                  = 122909434                              {pd product} {ergonomic}
    uintx ProfiledCodeHeapSize                     = 122909434                              {pd product} {ergonomic}
    uintx ReservedCodeCacheSize                    = 251658240                              {pd product} {ergonomic}
     bool SegmentedCodeCache                       = true                                      {product} {ergonomic}
   size_t SoftMaxHeapSize                          = 1862270976                             {manageable} {ergonomic}
     bool UseCompressedOops                        = true                           {product lp64_product} {ergonomic}
     bool UseG1GC                                  = true                                      {product} {ergonomic}
     bool UseLargePagesIndividualAllocation        = false                                  {pd product} {ergonomic}

Logging:
Log output configuration:
 #0: stdout all=warning uptime,level,tags foldmultilines=false
 #1: stderr all=off uptime,level,tags foldmultilines=false

Environment Variables:
PATH=C:\Program Files\Common Files\Oracle\Java\javapath;C:\WINDOWS\system32;C:\WINDOWS;C:\WINDOWS\System32\Wbem;C:\WINDOWS\System32\WindowsPowerShell\v1.0\;C:\WINDOWS\System32\OpenSSH\;c:\Users\EMMANUEL DEBEING\AppData\Local\Programs\cursor\resources\app\bin;C:\Program Files\Docker\Docker\resources\bin;C:\Program Files\Git\cmd;C:\Program Files\nodejs\;C:\Program Files (x86)\apache-maven-3.9.8\bin;C:\Users\EMMANUEL DEBEING\AppData\Local\Programs\Python\Python312\Scripts\;C:\Users\EMMANUEL DEBEING\AppData\Local\Programs\Python\Python312\;C:\Users\EMMANUEL DEBEING\AppData\Local\Microsoft\WindowsApps;C:\Users\EMMANUEL DEBEING\AppData\Local\Programs\Microsoft VS Code\bin;C:\Users\EMMANUEL DEBEING\AppData\Roaming\npm
USERNAME=EMMANUEL DEBEING
OS=Windows_NT
PROCESSOR_IDENTIFIER=AMD64 Family 23 Model 24 Stepping 1, AuthenticAMD
TMP=C:\Users\EMMANU~1\AppData\Local\Temp
TEMP=C:\Users\EMMANU~1\AppData\Local\Temp




Periodic native trim disabled

---------------  S Y S T E M  ---------------

OS:
 Windows 11 , 64 bit Build 22621 (10.0.22621.3958)
OS uptime: 9 days 19:07 hours

CPU: total 8 (initial active 8) (8 cores per cpu, 2 threads per core) family 23 model 24 stepping 1 microcode 0x0, cx8, cmov, fxsr, ht, mmx, 3dnowpref, sse, sse2, sse3, ssse3, sse4a, sse4.1, sse4.2, popcnt, lzcnt, tsc, tscinvbit, avx, avx2, aes, clmul, bmi1, bmi2, adx, sha, fma, vzeroupper, clflush, clflushopt, rdtscp, f16c
Processor Information for all 8 processors :
  Max Mhz: 2100, Current Mhz: 2100, Mhz Limit: 2100

Memory: 4k page, system-wide physical 7103M (366M free)
TotalPageFile size 22463M (AvailPageFile size 126M)
current process WorkingSet (physical memory assigned to process): 11M, peak: 11M
current process commit charge ("private bytes"): 60M, peak: 172M

vm_info: Java HotSpot(TM) 64-Bit Server VM (21.0.4+8-LTS-274) for windows-amd64 JRE (21.0.4+8-LTS-274), built on 2024-06-05T05:23:33Z by "mach5one" with MS VC++ 17.6 (VS2022)

END.
